# JRE version: OpenJDK Runtime Environment (8.0_202-b03) (build 1.8.0_202-release-1483-b03)
# Java VM: OpenJDK 64-Bit Server VM (25.202-b03 mixed mode windows-amd64 compressed oops)
Heap:
 PSYoungGen      total 271360K, used 89531K [0x00000000e0000000, 0x00000000f3480000, 0x0000000100000000)
  eden space 235008K, 38% used [0x00000000e0000000,0x00000000e576ece8,0x00000000ee580000)
  from space 36352K, 0% used [0x00000000ee580000,0x00000000ee580000,0x00000000f0900000)
  to   space 37888K, 0% used [0x00000000f0900000,0x00000000f0900000,0x00000000f2e00000)
 ParOldGen       total 150016K, used 147340K [0x00000000a0000000, 0x00000000a9280000, 0x00000000e0000000)
  object space 150016K, 98% used [0x00000000a0000000,0x00000000a8fe3298,0x00000000a9280000)
 Metaspace       used 81269K, capacity 84936K, committed 85888K, reserved 1124352K
  class space    used 10708K, capacity 11434K, committed 11648K, reserved 1048576K
GC Heap History (10 events):
Event: 25.798 GC heap before
{Heap before GC invocations=20 (full 3):
 PSYoungGen      total 233984K, used 231303K [0x00000000e0000000, 0x00000000f0980000, 0x0000000100000000)
  eden space 207872K, 100% used [0x00000000e0000000,0x00000000ecb00000,0x00000000ecb00000)
  from space 26112K, 89% used [0x00000000ee700000,0x00000000efde1ec8,0x00000000f0080000)
  to   space 28672K, 0% used [0x00000000ecb00000,0x00000000ecb00000,0x00000000ee700000)
 ParOldGen       total 142848K, used 56816K [0x00000000a0000000, 0x00000000a8b80000, 0x00000000e0000000)
  object space 142848K, 39% used [0x00000000a0000000,0x00000000a377c3f0,0x00000000a8b80000)
 Metaspace       used 78533K, capacity 82126K, committed 82432K, reserved 1120256K
  class space    used 10445K, capacity 11151K, committed 11264K, reserved 1048576K
Event: 25.835 GC heap after
Heap after GC invocations=20 (full 3):
 PSYoungGen      total 236544K, used 28659K [0x00000000e0000000, 0x00000000f2e00000, 0x0000000100000000)
  eden space 207872K, 0% used [0x00000000e0000000,0x00000000e0000000,0x00000000ecb00000)
  from space 28672K, 99% used [0x00000000ecb00000,0x00000000ee6fcec0,0x00000000ee700000)
  to   space 37888K, 0% used [0x00000000f0900000,0x00000000f0900000,0x00000000f2e00000)
 ParOldGen       total 142848K, used 70218K [0x00000000a0000000, 0x00000000a8b80000, 0x00000000e0000000)
  object space 142848K, 49% used [0x00000000a0000000,0x00000000a44929b0,0x00000000a8b80000)
 Metaspace       used 78533K, capacity 82126K, committed 82432K, reserved 1120256K
  class space    used 10445K, capacity 11151K, committed 11264K, reserved 1048576K
}
Event: 26.594 GC heap before
{Heap before GC invocations=21 (full 3):
 PSYoungGen      total 236544K, used 236531K [0x00000000e0000000, 0x00000000f2e00000, 0x0000000100000000)
  eden space 207872K, 100% used [0x00000000e0000000,0x00000000ecb00000,0x00000000ecb00000)
  from space 28672K, 99% used [0x00000000ecb00000,0x00000000ee6fcec0,0x00000000ee700000)
  to   space 37888K, 0% used [0x00000000f0900000,0x00000000f0900000,0x00000000f2e00000)
 ParOldGen       total 142848K, used 70218K [0x00000000a0000000, 0x00000000a8b80000, 0x00000000e0000000)
  object space 142848K, 49% used [0x00000000a0000000,0x00000000a44929b0,0x00000000a8b80000)
 Metaspace       used 79303K, capacity 83032K, committed 83328K, reserved 1122304K
  class space    used 10509K, capacity 11280K, committed 11392K, reserved 1048576K
Event: 26.639 GC heap after
Heap after GC invocations=21 (full 3):
 PSYoungGen      total 272896K, used 17497K [0x00000000e0000000, 0x00000000f3480000, 0x0000000100000000)
  eden space 235008K, 0% used [0x00000000e0000000,0x00000000e0000000,0x00000000ee580000)
  from space 37888K, 46% used [0x00000000f0900000,0x00000000f1a164c8,0x00000000f2e00000)
  to   space 36352K, 0% used [0x00000000ee580000,0x00000000ee580000,0x00000000f0900000)
 ParOldGen       total 142848K, used 87386K [0x00000000a0000000, 0x00000000a8b80000, 0x00000000e0000000)
  object space 142848K, 61% used [0x00000000a0000000,0x00000000a5556a88,0x00000000a8b80000)
 Metaspace       used 79303K, capacity 83032K, committed 83328K, reserved 1122304K
  class space    used 10509K, capacity 11280K, committed 11392K, reserved 1048576K
}
Event: 28.378 GC heap before
{Heap before GC invocations=22 (full 3):
 PSYoungGen      total 272896K, used 252505K [0x00000000e0000000, 0x00000000f3480000, 0x0000000100000000)
  eden space 235008K, 100% used [0x00000000e0000000,0x00000000ee580000,0x00000000ee580000)
  from space 37888K, 46% used [0x00000000f0900000,0x00000000f1a164c8,0x00000000f2e00000)
  to   space 36352K, 0% used [0x00000000ee580000,0x00000000ee580000,0x00000000f0900000)
 ParOldGen       total 142848K, used 87386K [0x00000000a0000000, 0x00000000a8b80000, 0x00000000e0000000)
  object space 142848K, 61% used [0x00000000a0000000,0x00000000a5556a88,0x00000000a8b80000)
 Metaspace       used 79686K, capacity 83514K, committed 83840K, reserved 1122304K
  class space    used 10549K, capacity 11323K, committed 11392K, reserved 1048576K
Event: 28.406 GC heap after
Heap after GC invocations=22 (full 3):
 PSYoungGen      total 271360K, used 13260K [0x00000000e0000000, 0x00000000f3480000, 0x0000000100000000)
  eden space 235008K, 0% used [0x00000000e0000000,0x00000000e0000000,0x00000000ee580000)
  from space 36352K, 36% used [0x00000000ee580000,0x00000000ef273038,0x00000000f0900000)
  to   space 37888K, 0% used [0x00000000f0900000,0x00000000f0900000,0x00000000f2e00000)
 ParOldGen       total 142848K, used 87394K [0x00000000a0000000, 0x00000000a8b80000, 0x00000000e0000000)
  object space 142848K, 61% used [0x00000000a0000000,0x00000000a5558a88,0x00000000a8b80000)
 Metaspace       used 79686K, capacity 83514K, committed 83840K, reserved 1122304K
  class space    used 10549K, capacity 11323K, committed 11392K, reserved 1048576K
}
Event: 30.329 GC heap before
{Heap before GC invocations=23 (full 3):
 PSYoungGen      total 271360K, used 248268K [0x00000000e0000000, 0x00000000f3480000, 0x0000000100000000)
  eden space 235008K, 100% used [0x00000000e0000000,0x00000000ee580000,0x00000000ee580000)
  from space 36352K, 36% used [0x00000000ee580000,0x00000000ef273038,0x00000000f0900000)
  to   space 37888K, 0% used [0x00000000f0900000,0x00000000f0900000,0x00000000f2e00000)
 ParOldGen       total 142848K, used 87394K [0x00000000a0000000, 0x00000000a8b80000, 0x00000000e0000000)
  object space 142848K, 61% used [0x00000000a0000000,0x00000000a5558a88,0x00000000a8b80000)
 Metaspace       used 81456K, capacity 85558K, committed 85888K, reserved 1124352K
  class space    used 10772K, capacity 11551K, committed 11648K, reserved 1048576K
Event: 30.514 GC heap after
Heap after GC invocations=23 (full 3):
 PSYoungGen      total 271360K, used 248268K [0x00000000e0000000, 0x00000000f3480000, 0x0000000100000000)
  eden space 235008K, 100% used [0x00000000e0000000,0x00000000ee580000,0x00000000ee580000)
  from space 36352K, 36% used [0x00000000ee580000,0x00000000ef273038,0x00000000f0900000)
  to   space 37888K, 99% used [0x00000000f0900000,0x00000000f2dff8c0,0x00000000f2e00000)
 ParOldGen       total 150016K, used 150013K [0x00000000a0000000, 0x00000000a9280000, 0x00000000e0000000)
  object space 150016K, 99% used [0x00000000a0000000,0x00000000a927f7e0,0x00000000a9280000)
 Metaspace       used 81456K, capacity 85558K, committed 85888K, reserved 1124352K
  class space    used 10772K, capacity 11551K, committed 11648K, reserved 1048576K
}
Event: 30.514 GC heap before
{Heap before GC invocations=24 (full 4):
 PSYoungGen      total 271360K, used 248268K [0x00000000e0000000, 0x00000000f3480000, 0x0000000100000000)
  eden space 235008K, 100% used [0x00000000e0000000,0x00000000ee580000,0x00000000ee580000)
  from space 36352K, 36% used [0x00000000ee580000,0x00000000ef273038,0x00000000f0900000)
  to   space 37888K, 99% used [0x00000000f0900000,0x00000000f2dff8c0,0x00000000f2e00000)
 ParOldGen       total 150016K, used 150013K [0x00000000a0000000, 0x00000000a9280000, 0x00000000e0000000)
  object space 150016K, 99% used [0x00000000a0000000,0x00000000a927f7e0,0x00000000a9280000)
 Metaspace       used 81456K, capacity 85558K, committed 85888K, reserved 1124352K
  class space    used 10772K, capacity 11551K, committed 11648K, reserved 1048576K
Event: 31.172 GC heap after
Heap after GC invocations=24 (full 4):
 PSYoungGen      total 271360K, used 0K [0x00000000e0000000, 0x00000000f3480000, 0x0000000100000000)
  eden space 235008K, 0% used [0x00000000e0000000,0x00000000e0000000,0x00000000ee580000)
  from space 36352K, 0% used [0x00000000ee580000,0x00000000ee580000,0x00000000f0900000)
  to   space 37888K, 0% used [0x00000000f0900000,0x00000000f0900000,0x00000000f2e00000)
 ParOldGen       total 150016K, used 147340K [0x00000000a0000000, 0x00000000a9280000, 0x00000000e0000000)
  object space 150016K, 98% used [0x00000000a0000000,0x00000000a8fe3298,0x00000000a9280000)
 Metaspace       used 81241K, capacity 84928K, committed 85888K, reserved 1124352K
  class space    used 10706K, capacity 11434K, committed 11648K, reserved 1048576K
}

