# JRE version: OpenJDK Runtime Environment (8.0_202-b03) (build 1.8.0_202-release-1483-b03)
# Java VM: OpenJDK 64-Bit Server VM (25.202-b03 mixed mode windows-amd64 compressed oops)
Heap:
 PSYoungGen      total 202752K, used 105991K [0x00000000e0000000, 0x00000000ee100000, 0x0000000100000000)
  eden space 181760K, 47% used [0x00000000e0000000,0x00000000e5471108,0x00000000eb180000)
  from space 20992K, 93% used [0x00000000ec800000,0x00000000edb10be8,0x00000000edc80000)
  to   space 23040K, 0% used [0x00000000eb180000,0x00000000eb180000,0x00000000ec800000)
 ParOldGen       total 143360K, used 33130K [0x00000000a0000000, 0x00000000a8c00000, 0x00000000e0000000)
  object space 143360K, 23% used [0x00000000a0000000,0x00000000a205aad8,0x00000000a8c00000)
 Metaspace       used 70047K, capacity 72670K, committed 72920K, reserved 1112064K
  class space    used 9371K, capacity 9927K, committed 9944K, reserved 1048576K
GC Heap History (10 events):
Event: 9.288 GC heap before
{Heap before GC invocations=13 (full 2):
 PSYoungGen      total 137728K, used 137723K [0x00000000e0000000, 0x00000000e9680000, 0x0000000100000000)
  eden space 125440K, 100% used [0x00000000e0000000,0x00000000e7a80000,0x00000000e7a80000)
  from space 12288K, 99% used [0x00000000e8a80000,0x00000000e967ede0,0x00000000e9680000)
  to   space 13824K, 0% used [0x00000000e7b80000,0x00000000e7b80000,0x00000000e8900000)
 ParOldGen       total 95232K, used 18425K [0x00000000a0000000, 0x00000000a5d00000, 0x00000000e0000000)
  object space 95232K, 19% used [0x00000000a0000000,0x00000000a11fe6e8,0x00000000a5d00000)
 Metaspace       used 53645K, capacity 55364K, committed 55424K, reserved 1097728K
  class space    used 7140K, capacity 7546K, committed 7552K, reserved 1048576K
Event: 9.313 GC heap after
Heap after GC invocations=13 (full 2):
 PSYoungGen      total 140288K, used 13818K [0x00000000e0000000, 0x00000000ebe80000, 0x0000000100000000)
  eden space 126464K, 0% used [0x00000000e0000000,0x00000000e0000000,0x00000000e7b80000)
  from space 13824K, 99% used [0x00000000e7b80000,0x00000000e88fe888,0x00000000e8900000)
  to   space 17920K, 0% used [0x00000000ead00000,0x00000000ead00000,0x00000000ebe80000)
 ParOldGen       total 95232K, used 24237K [0x00000000a0000000, 0x00000000a5d00000, 0x00000000e0000000)
  object space 95232K, 25% used [0x00000000a0000000,0x00000000a17ab518,0x00000000a5d00000)
 Metaspace       used 53645K, capacity 55364K, committed 55424K, reserved 1097728K
  class space    used 7140K, capacity 7546K, committed 7552K, reserved 1048576K
}
Event: 10.266 GC heap before
{Heap before GC invocations=14 (full 2):
 PSYoungGen      total 140288K, used 71656K [0x00000000e0000000, 0x00000000ebe80000, 0x0000000100000000)
  eden space 126464K, 45% used [0x00000000e0000000,0x00000000e387ba40,0x00000000e7b80000)
  from space 13824K, 99% used [0x00000000e7b80000,0x00000000e88fe888,0x00000000e8900000)
  to   space 17920K, 0% used [0x00000000ead00000,0x00000000ead00000,0x00000000ebe80000)
 ParOldGen       total 95232K, used 24237K [0x00000000a0000000, 0x00000000a5d00000, 0x00000000e0000000)
  object space 95232K, 25% used [0x00000000a0000000,0x00000000a17ab518,0x00000000a5d00000)
 Metaspace       used 57193K, capacity 59022K, committed 59096K, reserved 1099776K
  class space    used 7660K, capacity 8079K, committed 8152K, reserved 1048576K
Event: 10.287 GC heap after
Heap after GC invocations=14 (full 2):
 PSYoungGen      total 174592K, used 17891K [0x00000000e0000000, 0x00000000ec780000, 0x0000000100000000)
  eden space 156672K, 0% used [0x00000000e0000000,0x00000000e0000000,0x00000000e9900000)
  from space 17920K, 99% used [0x00000000ead00000,0x00000000ebe78e08,0x00000000ebe80000)
  to   space 20480K, 0% used [0x00000000e9900000,0x00000000e9900000,0x00000000ead00000)
 ParOldGen       total 95232K, used 24919K [0x00000000a0000000, 0x00000000a5d00000, 0x00000000e0000000)
  object space 95232K, 26% used [0x00000000a0000000,0x00000000a1855e50,0x00000000a5d00000)
 Metaspace       used 57193K, capacity 59022K, committed 59096K, reserved 1099776K
  class space    used 7660K, capacity 8079K, committed 8152K, reserved 1048576K
}
Event: 10.287 GC heap before
{Heap before GC invocations=15 (full 3):
 PSYoungGen      total 174592K, used 17891K [0x00000000e0000000, 0x00000000ec780000, 0x0000000100000000)
  eden space 156672K, 0% used [0x00000000e0000000,0x00000000e0000000,0x00000000e9900000)
  from space 17920K, 99% used [0x00000000ead00000,0x00000000ebe78e08,0x00000000ebe80000)
  to   space 20480K, 0% used [0x00000000e9900000,0x00000000e9900000,0x00000000ead00000)
 ParOldGen       total 95232K, used 24919K [0x00000000a0000000, 0x00000000a5d00000, 0x00000000e0000000)
  object space 95232K, 26% used [0x00000000a0000000,0x00000000a1855e50,0x00000000a5d00000)
 Metaspace       used 57193K, capacity 59022K, committed 59096K, reserved 1099776K
  class space    used 7660K, capacity 8079K, committed 8152K, reserved 1048576K
Event: 10.601 GC heap after
Heap after GC invocations=15 (full 3):
 PSYoungGen      total 174592K, used 0K [0x00000000e0000000, 0x00000000ec780000, 0x0000000100000000)
  eden space 156672K, 0% used [0x00000000e0000000,0x00000000e0000000,0x00000000e9900000)
  from space 17920K, 0% used [0x00000000ead00000,0x00000000ead00000,0x00000000ebe80000)
  to   space 20480K, 0% used [0x00000000e9900000,0x00000000e9900000,0x00000000ead00000)
 ParOldGen       total 143360K, used 33114K [0x00000000a0000000, 0x00000000a8c00000, 0x00000000e0000000)
  object space 143360K, 23% used [0x00000000a0000000,0x00000000a2056ad8,0x00000000a8c00000)
 Metaspace       used 57136K, capacity 58832K, committed 59096K, reserved 1099776K
  class space    used 7644K, capacity 8054K, committed 8152K, reserved 1048576K
}
Event: 14.218 GC heap before
{Heap before GC invocations=16 (full 3):
 PSYoungGen      total 174592K, used 156672K [0x00000000e0000000, 0x00000000ec780000, 0x0000000100000000)
  eden space 156672K, 100% used [0x00000000e0000000,0x00000000e9900000,0x00000000e9900000)
  from space 17920K, 0% used [0x00000000ead00000,0x00000000ead00000,0x00000000ebe80000)
  to   space 20480K, 0% used [0x00000000e9900000,0x00000000e9900000,0x00000000ead00000)
 ParOldGen       total 143360K, used 33114K [0x00000000a0000000, 0x00000000a8c00000, 0x00000000e0000000)
  object space 143360K, 23% used [0x00000000a0000000,0x00000000a2056ad8,0x00000000a8c00000)
 Metaspace       used 67129K, capacity 69352K, committed 69464K, reserved 1110016K
  class space    used 9071K, capacity 9558K, committed 9560K, reserved 1048576K
Event: 14.247 GC heap after
Heap after GC invocations=16 (full 3):
 PSYoungGen      total 177152K, used 14475K [0x00000000e0000000, 0x00000000edc80000, 0x0000000100000000)
  eden space 156672K, 0% used [0x00000000e0000000,0x00000000e0000000,0x00000000e9900000)
  from space 20480K, 70% used [0x00000000e9900000,0x00000000ea722cb0,0x00000000ead00000)
  to   space 20992K, 0% used [0x00000000ec800000,0x00000000ec800000,0x00000000edc80000)
 ParOldGen       total 143360K, used 33122K [0x00000000a0000000, 0x00000000a8c00000, 0x00000000e0000000)
  object space 143360K, 23% used [0x00000000a0000000,0x00000000a2058ad8,0x00000000a8c00000)
 Metaspace       used 67129K, capacity 69352K, committed 69464K, reserved 1110016K
  class space    used 9071K, capacity 9558K, committed 9560K, reserved 1048576K
}
Event: 17.502 GC heap before
{Heap before GC invocations=17 (full 3):
 PSYoungGen      total 177152K, used 171147K [0x00000000e0000000, 0x00000000edc80000, 0x0000000100000000)
  eden space 156672K, 100% used [0x00000000e0000000,0x00000000e9900000,0x00000000e9900000)
  from space 20480K, 70% used [0x00000000e9900000,0x00000000ea722cb0,0x00000000ead00000)
  to   space 20992K, 0% used [0x00000000ec800000,0x00000000ec800000,0x00000000edc80000)
 ParOldGen       total 143360K, used 33122K [0x00000000a0000000, 0x00000000a8c00000, 0x00000000e0000000)
  object space 143360K, 23% used [0x00000000a0000000,0x00000000a2058ad8,0x00000000a8c00000)
 Metaspace       used 70005K, capacity 72606K, committed 72664K, reserved 1112064K
  class space    used 9371K, capacity 9927K, committed 9944K, reserved 1048576K
Event: 17.553 GC heap after
Heap after GC invocations=17 (full 3):
 PSYoungGen      total 202752K, used 19522K [0x00000000e0000000, 0x00000000ee100000, 0x0000000100000000)
  eden space 181760K, 0% used [0x00000000e0000000,0x00000000e0000000,0x00000000eb180000)
  from space 20992K, 93% used [0x00000000ec800000,0x00000000edb10be8,0x00000000edc80000)
  to   space 23040K, 0% used [0x00000000eb180000,0x00000000eb180000,0x00000000ec800000)
 ParOldGen       total 143360K, used 33130K [0x00000000a0000000, 0x00000000a8c00000, 0x00000000e0000000)
  object space 143360K, 23% used [0x00000000a0000000,0x00000000a205aad8,0x00000000a8c00000)
 Metaspace       used 70005K, capacity 72606K, committed 72664K, reserved 1112064K
  class space    used 9371K, capacity 9927K, committed 9944K, reserved 1048576K
}

