# JRE version: OpenJDK Runtime Environment (8.0_202-b03) (build 1.8.0_202-release-1483-b03)
# Java VM: OpenJDK 64-Bit Server VM (25.202-b03 mixed mode windows-amd64 compressed oops)
Heap:
 PSYoungGen      total 282624K, used 42949K [0x00000000e0000000, 0x00000000f5900000, 0x0000000100000000)
  eden space 239616K, 14% used [0x00000000e0000000,0x00000000e2181678,0x00000000eea00000)
  from space 43008K, 20% used [0x00000000f2f00000,0x00000000f3770040,0x00000000f5900000)
  to   space 40960K, 0% used [0x00000000eea00000,0x00000000eea00000,0x00000000f1200000)
 ParOldGen       total 220672K, used 87195K [0x00000000a0000000, 0x00000000ad780000, 0x00000000e0000000)
  object space 220672K, 39% used [0x00000000a0000000,0x00000000a5526f98,0x00000000ad780000)
 Metaspace       used 94777K, capacity 98516K, committed 99328K, reserved 1136640K
  class space    used 12113K, capacity 12830K, committed 13056K, reserved 1048576K
GC Heap History (10 events):
Event: 170.198 GC heap before
{Heap before GC invocations=24 (full 3):
 PSYoungGen      total 248320K, used 248289K [0x00000000e0000000, 0x00000000f2e80000, 0x0000000100000000)
  eden space 217600K, 100% used [0x00000000e0000000,0x00000000ed480000,0x00000000ed480000)
  from space 30720K, 99% used [0x00000000efc00000,0x00000000f19f85d0,0x00000000f1a00000)
  to   space 40448K, 0% used [0x00000000ed480000,0x00000000ed480000,0x00000000efc00000)
 ParOldGen       total 120832K, used 71065K [0x00000000a0000000, 0x00000000a7600000, 0x00000000e0000000)
  object space 120832K, 58% used [0x00000000a0000000,0x00000000a4566690,0x00000000a7600000)
 Metaspace       used 80089K, capacity 83408K, committed 83712K, reserved 1122304K
  class space    used 10293K, capacity 10942K, committed 11008K, reserved 1048576K
Event: 170.246 GC heap after
Heap after GC invocations=24 (full 3):
 PSYoungGen      total 258048K, used 4231K [0x00000000e0000000, 0x00000000f3900000, 0x0000000100000000)
  eden space 217600K, 0% used [0x00000000e0000000,0x00000000e0000000,0x00000000ed480000)
  from space 40448K, 10% used [0x00000000ed480000,0x00000000ed8a1ee8,0x00000000efc00000)
  to   space 39936K, 0% used [0x00000000f1200000,0x00000000f1200000,0x00000000f3900000)
 ParOldGen       total 120832K, used 97815K [0x00000000a0000000, 0x00000000a7600000, 0x00000000e0000000)
  object space 120832K, 80% used [0x00000000a0000000,0x00000000a5f85f00,0x00000000a7600000)
 Metaspace       used 80089K, capacity 83408K, committed 83712K, reserved 1122304K
  class space    used 10293K, capacity 10942K, committed 11008K, reserved 1048576K
}
Event: 173.039 GC heap before
{Heap before GC invocations=25 (full 3):
 PSYoungGen      total 258048K, used 221831K [0x00000000e0000000, 0x00000000f3900000, 0x0000000100000000)
  eden space 217600K, 100% used [0x00000000e0000000,0x00000000ed480000,0x00000000ed480000)
  from space 40448K, 10% used [0x00000000ed480000,0x00000000ed8a1ee8,0x00000000efc00000)
  to   space 39936K, 0% used [0x00000000f1200000,0x00000000f1200000,0x00000000f3900000)
 ParOldGen       total 120832K, used 97815K [0x00000000a0000000, 0x00000000a7600000, 0x00000000e0000000)
  object space 120832K, 80% used [0x00000000a0000000,0x00000000a5f85f00,0x00000000a7600000)
 Metaspace       used 84764K, capacity 88118K, committed 88448K, reserved 1126400K
  class space    used 10867K, capacity 11551K, committed 11648K, reserved 1048576K
Event: 173.089 GC heap after
Heap after GC invocations=25 (full 3):
 PSYoungGen      total 279552K, used 24794K [0x00000000e0000000, 0x00000000f3e80000, 0x0000000100000000)
  eden space 239616K, 0% used [0x00000000e0000000,0x00000000e0000000,0x00000000eea00000)
  from space 39936K, 62% used [0x00000000f1200000,0x00000000f2a36a70,0x00000000f3900000)
  to   space 40960K, 0% used [0x00000000eea00000,0x00000000eea00000,0x00000000f1200000)
 ParOldGen       total 120832K, used 97823K [0x00000000a0000000, 0x00000000a7600000, 0x00000000e0000000)
  object space 120832K, 80% used [0x00000000a0000000,0x00000000a5f87f00,0x00000000a7600000)
 Metaspace       used 84764K, capacity 88118K, committed 88448K, reserved 1126400K
  class space    used 10867K, capacity 11551K, committed 11648K, reserved 1048576K
}
Event: 176.779 GC heap before
{Heap before GC invocations=26 (full 3):
 PSYoungGen      total 279552K, used 241976K [0x00000000e0000000, 0x00000000f3e80000, 0x0000000100000000)
  eden space 239616K, 90% used [0x00000000e0000000,0x00000000ed417808,0x00000000eea00000)
  from space 39936K, 62% used [0x00000000f1200000,0x00000000f2a36a70,0x00000000f3900000)
  to   space 40960K, 0% used [0x00000000eea00000,0x00000000eea00000,0x00000000f1200000)
 ParOldGen       total 120832K, used 97823K [0x00000000a0000000, 0x00000000a7600000, 0x00000000e0000000)
  object space 120832K, 80% used [0x00000000a0000000,0x00000000a5f87f00,0x00000000a7600000)
 Metaspace       used 94195K, capacity 98320K, committed 98496K, reserved 1134592K
  class space    used 12148K, capacity 12942K, committed 13056K, reserved 1048576K
Event: 176.813 GC heap after
Heap after GC invocations=26 (full 3):
 PSYoungGen      total 280576K, used 28024K [0x00000000e0000000, 0x00000000f5900000, 0x0000000100000000)
  eden space 239616K, 0% used [0x00000000e0000000,0x00000000e0000000,0x00000000eea00000)
  from space 40960K, 68% used [0x00000000eea00000,0x00000000f055e2f0,0x00000000f1200000)
  to   space 43008K, 0% used [0x00000000f2f00000,0x00000000f2f00000,0x00000000f5900000)
 ParOldGen       total 120832K, used 97839K [0x00000000a0000000, 0x00000000a7600000, 0x00000000e0000000)
  object space 120832K, 80% used [0x00000000a0000000,0x00000000a5f8bf00,0x00000000a7600000)
 Metaspace       used 94195K, capacity 98320K, committed 98496K, reserved 1134592K
  class space    used 12148K, capacity 12942K, committed 13056K, reserved 1048576K
}
Event: 176.813 GC heap before
{Heap before GC invocations=27 (full 4):
 PSYoungGen      total 280576K, used 28024K [0x00000000e0000000, 0x00000000f5900000, 0x0000000100000000)
  eden space 239616K, 0% used [0x00000000e0000000,0x00000000e0000000,0x00000000eea00000)
  from space 40960K, 68% used [0x00000000eea00000,0x00000000f055e2f0,0x00000000f1200000)
  to   space 43008K, 0% used [0x00000000f2f00000,0x00000000f2f00000,0x00000000f5900000)
 ParOldGen       total 120832K, used 97839K [0x00000000a0000000, 0x00000000a7600000, 0x00000000e0000000)
  object space 120832K, 80% used [0x00000000a0000000,0x00000000a5f8bf00,0x00000000a7600000)
 Metaspace       used 94195K, capacity 98320K, committed 98496K, reserved 1134592K
  class space    used 12148K, capacity 12942K, committed 13056K, reserved 1048576K
Event: 177.030 GC heap after
Heap after GC invocations=27 (full 4):
 PSYoungGen      total 280576K, used 0K [0x00000000e0000000, 0x00000000f5900000, 0x0000000100000000)
  eden space 239616K, 0% used [0x00000000e0000000,0x00000000e0000000,0x00000000eea00000)
  from space 40960K, 0% used [0x00000000eea00000,0x00000000eea00000,0x00000000f1200000)
  to   space 43008K, 0% used [0x00000000f2f00000,0x00000000f2f00000,0x00000000f5900000)
 ParOldGen       total 220672K, used 87171K [0x00000000a0000000, 0x00000000ad780000, 0x00000000e0000000)
  object space 220672K, 39% used [0x00000000a0000000,0x00000000a5520f78,0x00000000ad780000)
 Metaspace       used 93798K, capacity 97264K, committed 98496K, reserved 1134592K
  class space    used 12015K, capacity 12708K, committed 13056K, reserved 1048576K
}
Event: 177.836 GC heap before
{Heap before GC invocations=28 (full 4):
 PSYoungGen      total 280576K, used 239616K [0x00000000e0000000, 0x00000000f5900000, 0x0000000100000000)
  eden space 239616K, 100% used [0x00000000e0000000,0x00000000eea00000,0x00000000eea00000)
  from space 40960K, 0% used [0x00000000eea00000,0x00000000eea00000,0x00000000f1200000)
  to   space 43008K, 0% used [0x00000000f2f00000,0x00000000f2f00000,0x00000000f5900000)
 ParOldGen       total 220672K, used 87187K [0x00000000a0000000, 0x00000000ad780000, 0x00000000e0000000)
  object space 220672K, 39% used [0x00000000a0000000,0x00000000a5524f98,0x00000000ad780000)
 Metaspace       used 94767K, capacity 98506K, committed 99328K, reserved 1136640K
  class space    used 12112K, capacity 12829K, committed 13056K, reserved 1048576K
Event: 177.852 GC heap after
Heap after GC invocations=28 (full 4):
 PSYoungGen      total 282624K, used 8640K [0x00000000e0000000, 0x00000000f5900000, 0x0000000100000000)
  eden space 239616K, 0% used [0x00000000e0000000,0x00000000e0000000,0x00000000eea00000)
  from space 43008K, 20% used [0x00000000f2f00000,0x00000000f3770040,0x00000000f5900000)
  to   space 40960K, 0% used [0x00000000eea00000,0x00000000eea00000,0x00000000f1200000)
 ParOldGen       total 220672K, used 87195K [0x00000000a0000000, 0x00000000ad780000, 0x00000000e0000000)
  object space 220672K, 39% used [0x00000000a0000000,0x00000000a5526f98,0x00000000ad780000)
 Metaspace       used 94767K, capacity 98506K, committed 99328K, reserved 1136640K
  class space    used 12112K, capacity 12829K, committed 13056K, reserved 1048576K
}

