# JRE version: OpenJDK Runtime Environment (8.0_202-b03) (build 1.8.0_202-release-1483-b03)
# Java VM: OpenJDK 64-Bit Server VM (25.202-b03 mixed mode windows-amd64 compressed oops)
Heap:
 PSYoungGen      total 329216K, used 283290K [0x00000000e0000000, 0x00000000f9280000, 0x0000000100000000)
  eden space 304640K, 87% used [0x00000000e0000000,0x00000000f0455118,0x00000000f2980000)
  from space 24576K, 67% used [0x00000000f2980000,0x00000000f39d1a30,0x00000000f4180000)
  to   space 25600K, 0% used [0x00000000f7980000,0x00000000f7980000,0x00000000f9280000)
 ParOldGen       total 141312K, used 94904K [0x00000000a0000000, 0x00000000a8a00000, 0x00000000e0000000)
  object space 141312K, 67% used [0x00000000a0000000,0x00000000a5cae030,0x00000000a8a00000)
 Metaspace       used 72414K, capacity 75337K, committed 75544K, reserved 1116160K
  class space    used 9665K, capacity 10280K, committed 10280K, reserved 1048576K
GC Heap History (10 events):
Event: 17.804 GC heap before
{Heap before GC invocations=20 (full 3):
 PSYoungGen      total 239104K, used 229489K [0x00000000e0000000, 0x00000000f0600000, 0x0000000100000000)
  eden space 212480K, 100% used [0x00000000e0000000,0x00000000ecf80000,0x00000000ecf80000)
  from space 26624K, 63% used [0x00000000eea00000,0x00000000efa9c768,0x00000000f0400000)
  to   space 27136K, 0% used [0x00000000ecf80000,0x00000000ecf80000,0x00000000eea00000)
 ParOldGen       total 141312K, used 64096K [0x00000000a0000000, 0x00000000a8a00000, 0x00000000e0000000)
  object space 141312K, 45% used [0x00000000a0000000,0x00000000a3e980d8,0x00000000a8a00000)
 Metaspace       used 70790K, capacity 73562K, committed 73752K, reserved 1114112K
  class space    used 9572K, capacity 10157K, committed 10280K, reserved 1048576K
Event: 17.833 GC heap after
Heap after GC invocations=20 (full 3):
 PSYoungGen      total 239616K, used 7715K [0x00000000e0000000, 0x00000000f2f80000, 0x0000000100000000)
  eden space 212480K, 0% used [0x00000000e0000000,0x00000000e0000000,0x00000000ecf80000)
  from space 27136K, 28% used [0x00000000ecf80000,0x00000000ed708d88,0x00000000eea00000)
  to   space 26624K, 0% used [0x00000000f1580000,0x00000000f1580000,0x00000000f2f80000)
 ParOldGen       total 141312K, used 78162K [0x00000000a0000000, 0x00000000a8a00000, 0x00000000e0000000)
  object space 141312K, 55% used [0x00000000a0000000,0x00000000a4c54b50,0x00000000a8a00000)
 Metaspace       used 70790K, capacity 73562K, committed 73752K, reserved 1114112K
  class space    used 9572K, capacity 10157K, committed 10280K, reserved 1048576K
}
Event: 18.326 GC heap before
{Heap before GC invocations=21 (full 3):
 PSYoungGen      total 239616K, used 220195K [0x00000000e0000000, 0x00000000f2f80000, 0x0000000100000000)
  eden space 212480K, 100% used [0x00000000e0000000,0x00000000ecf80000,0x00000000ecf80000)
  from space 27136K, 28% used [0x00000000ecf80000,0x00000000ed708d88,0x00000000eea00000)
  to   space 26624K, 0% used [0x00000000f1580000,0x00000000f1580000,0x00000000f2f80000)
 ParOldGen       total 141312K, used 78162K [0x00000000a0000000, 0x00000000a8a00000, 0x00000000e0000000)
  object space 141312K, 55% used [0x00000000a0000000,0x00000000a4c54b50,0x00000000a8a00000)
 Metaspace       used 71190K, capacity 73936K, committed 74264K, reserved 1116160K
  class space    used 9576K, capacity 10162K, committed 10280K, reserved 1048576K
Event: 18.343 GC heap after
Heap after GC invocations=21 (full 3):
 PSYoungGen      total 281088K, used 6590K [0x00000000e0000000, 0x00000000f2d80000, 0x0000000100000000)
  eden space 256512K, 0% used [0x00000000e0000000,0x00000000e0000000,0x00000000efa80000)
  from space 24576K, 26% used [0x00000000f1580000,0x00000000f1bef8d8,0x00000000f2d80000)
  to   space 26112K, 0% used [0x00000000efa80000,0x00000000efa80000,0x00000000f1400000)
 ParOldGen       total 141312K, used 84802K [0x00000000a0000000, 0x00000000a8a00000, 0x00000000e0000000)
  object space 141312K, 60% used [0x00000000a0000000,0x00000000a52d0b20,0x00000000a8a00000)
 Metaspace       used 71190K, capacity 73936K, committed 74264K, reserved 1116160K
  class space    used 9576K, capacity 10162K, committed 10280K, reserved 1048576K
}
Event: 18.970 GC heap before
{Heap before GC invocations=22 (full 3):
 PSYoungGen      total 281088K, used 263102K [0x00000000e0000000, 0x00000000f2d80000, 0x0000000100000000)
  eden space 256512K, 100% used [0x00000000e0000000,0x00000000efa80000,0x00000000efa80000)
  from space 24576K, 26% used [0x00000000f1580000,0x00000000f1bef8d8,0x00000000f2d80000)
  to   space 26112K, 0% used [0x00000000efa80000,0x00000000efa80000,0x00000000f1400000)
 ParOldGen       total 141312K, used 84802K [0x00000000a0000000, 0x00000000a8a00000, 0x00000000e0000000)
  object space 141312K, 60% used [0x00000000a0000000,0x00000000a52d0b20,0x00000000a8a00000)
 Metaspace       used 71383K, capacity 74142K, committed 74264K, reserved 1116160K
  class space    used 9579K, capacity 10163K, committed 10280K, reserved 1048576K
Event: 18.984 GC heap after
Heap after GC invocations=22 (full 3):
 PSYoungGen      total 282624K, used 7513K [0x00000000e0000000, 0x00000000f5e00000, 0x0000000100000000)
  eden space 256512K, 0% used [0x00000000e0000000,0x00000000e0000000,0x00000000efa80000)
  from space 26112K, 28% used [0x00000000efa80000,0x00000000f01d6630,0x00000000f1400000)
  to   space 25600K, 0% used [0x00000000f4500000,0x00000000f4500000,0x00000000f5e00000)
 ParOldGen       total 141312K, used 90133K [0x00000000a0000000, 0x00000000a8a00000, 0x00000000e0000000)
  object space 141312K, 63% used [0x00000000a0000000,0x00000000a58056d8,0x00000000a8a00000)
 Metaspace       used 71383K, capacity 74142K, committed 74264K, reserved 1116160K
  class space    used 9579K, capacity 10163K, committed 10280K, reserved 1048576K
}
Event: 19.705 GC heap before
{Heap before GC invocations=23 (full 3):
 PSYoungGen      total 282624K, used 264025K [0x00000000e0000000, 0x00000000f5e00000, 0x0000000100000000)
  eden space 256512K, 100% used [0x00000000e0000000,0x00000000efa80000,0x00000000efa80000)
  from space 26112K, 28% used [0x00000000efa80000,0x00000000f01d6630,0x00000000f1400000)
  to   space 25600K, 0% used [0x00000000f4500000,0x00000000f4500000,0x00000000f5e00000)
 ParOldGen       total 141312K, used 90133K [0x00000000a0000000, 0x00000000a8a00000, 0x00000000e0000000)
  object space 141312K, 63% used [0x00000000a0000000,0x00000000a58056d8,0x00000000a8a00000)
 Metaspace       used 71647K, capacity 74474K, committed 74776K, reserved 1116160K
  class space    used 9598K, capacity 10201K, committed 10280K, reserved 1048576K
Event: 19.722 GC heap after
Heap after GC invocations=23 (full 3):
 PSYoungGen      total 325632K, used 7364K [0x00000000e0000000, 0x00000000f5980000, 0x0000000100000000)
  eden space 304640K, 0% used [0x00000000e0000000,0x00000000e0000000,0x00000000f2980000)
  from space 20992K, 35% used [0x00000000f4500000,0x00000000f4c31248,0x00000000f5980000)
  to   space 24576K, 0% used [0x00000000f2980000,0x00000000f2980000,0x00000000f4180000)
 ParOldGen       total 141312K, used 94896K [0x00000000a0000000, 0x00000000a8a00000, 0x00000000e0000000)
  object space 141312K, 67% used [0x00000000a0000000,0x00000000a5cac030,0x00000000a8a00000)
 Metaspace       used 71647K, capacity 74474K, committed 74776K, reserved 1116160K
  class space    used 9598K, capacity 10201K, committed 10280K, reserved 1048576K
}
Event: 20.570 GC heap before
{Heap before GC invocations=24 (full 3):
 PSYoungGen      total 325632K, used 312004K [0x00000000e0000000, 0x00000000f5980000, 0x0000000100000000)
  eden space 304640K, 100% used [0x00000000e0000000,0x00000000f2980000,0x00000000f2980000)
  from space 20992K, 35% used [0x00000000f4500000,0x00000000f4c31248,0x00000000f5980000)
  to   space 24576K, 0% used [0x00000000f2980000,0x00000000f2980000,0x00000000f4180000)
 ParOldGen       total 141312K, used 94896K [0x00000000a0000000, 0x00000000a8a00000, 0x00000000e0000000)
  object space 141312K, 67% used [0x00000000a0000000,0x00000000a5cac030,0x00000000a8a00000)
 Metaspace       used 72101K, capacity 75020K, committed 75288K, reserved 1116160K
  class space    used 9633K, capacity 10228K, committed 10280K, reserved 1048576K
Event: 20.595 GC heap after
Heap after GC invocations=24 (full 3):
 PSYoungGen      total 329216K, used 16710K [0x00000000e0000000, 0x00000000f9280000, 0x0000000100000000)
  eden space 304640K, 0% used [0x00000000e0000000,0x00000000e0000000,0x00000000f2980000)
  from space 24576K, 67% used [0x00000000f2980000,0x00000000f39d1a30,0x00000000f4180000)
  to   space 25600K, 0% used [0x00000000f7980000,0x00000000f7980000,0x00000000f9280000)
 ParOldGen       total 141312K, used 94904K [0x00000000a0000000, 0x00000000a8a00000, 0x00000000e0000000)
  object space 141312K, 67% used [0x00000000a0000000,0x00000000a5cae030,0x00000000a8a00000)
 Metaspace       used 72101K, capacity 75020K, committed 75288K, reserved 1116160K
  class space    used 9633K, capacity 10228K, committed 10280K, reserved 1048576K
}

