# JRE version: OpenJDK Runtime Environment (8.0_202-b03) (build 1.8.0_202-release-1483-b03)
# Java VM: OpenJDK 64-Bit Server VM (25.202-b03 mixed mode windows-amd64 compressed oops)
Heap:
 PSYoungGen      total 243712K, used 224185K [0x00000000e0000000, 0x00000000f4d80000, 0x0000000100000000)
  eden space 214528K, 90% used [0x00000000e0000000,0x00000000ebe6fc18,0x00000000ed180000)
  from space 29184K, 99% used [0x00000000ed180000,0x00000000eedfe8c8,0x00000000eee00000)
  to   space 49664K, 0% used [0x00000000f1d00000,0x00000000f1d00000,0x00000000f4d80000)
 ParOldGen       total 136704K, used 100785K [0x00000000a0000000, 0x00000000a8580000, 0x00000000e0000000)
  object space 136704K, 73% used [0x00000000a0000000,0x00000000a626c640,0x00000000a8580000)
 Metaspace       used 84006K, capacity 87856K, committed 88064K, reserved 1126400K
  class space    used 11241K, capacity 11956K, committed 12032K, reserved 1048576K
GC Heap History (10 events):
Event: 12.972 GC heap before
{Heap before GC invocations=16 (full 3):
 PSYoungGen      total 181760K, used 165888K [0x00000000e0000000, 0x00000000ecf80000, 0x0000000100000000)
  eden space 165888K, 100% used [0x00000000e0000000,0x00000000ea200000,0x00000000ea200000)
  from space 15872K, 0% used [0x00000000eb280000,0x00000000eb280000,0x00000000ec200000)
  to   space 16896K, 0% used [0x00000000ea200000,0x00000000ea200000,0x00000000eb280000)
 ParOldGen       total 136704K, used 34831K [0x00000000a0000000, 0x00000000a8580000, 0x00000000e0000000)
  object space 136704K, 25% used [0x00000000a0000000,0x00000000a2203ca0,0x00000000a8580000)
 Metaspace       used 62460K, capacity 64774K, committed 64896K, reserved 1105920K
  class space    used 8552K, capacity 9057K, committed 9088K, reserved 1048576K
Event: 12.985 GC heap after
Heap after GC invocations=16 (full 3):
 PSYoungGen      total 182784K, used 12247K [0x00000000e0000000, 0x00000000edf00000, 0x0000000100000000)
  eden space 165888K, 0% used [0x00000000e0000000,0x00000000e0000000,0x00000000ea200000)
  from space 16896K, 72% used [0x00000000ea200000,0x00000000eadf5ce0,0x00000000eb280000)
  to   space 17408K, 0% used [0x00000000ece00000,0x00000000ece00000,0x00000000edf00000)
 ParOldGen       total 136704K, used 34839K [0x00000000a0000000, 0x00000000a8580000, 0x00000000e0000000)
  object space 136704K, 25% used [0x00000000a0000000,0x00000000a2205ca0,0x00000000a8580000)
 Metaspace       used 62460K, capacity 64774K, committed 64896K, reserved 1105920K
  class space    used 8552K, capacity 9057K, committed 9088K, reserved 1048576K
}
Event: 15.153 GC heap before
{Heap before GC invocations=17 (full 3):
 PSYoungGen      total 182784K, used 178135K [0x00000000e0000000, 0x00000000edf00000, 0x0000000100000000)
  eden space 165888K, 100% used [0x00000000e0000000,0x00000000ea200000,0x00000000ea200000)
  from space 16896K, 72% used [0x00000000ea200000,0x00000000eadf5ce0,0x00000000eb280000)
  to   space 17408K, 0% used [0x00000000ece00000,0x00000000ece00000,0x00000000edf00000)
 ParOldGen       total 136704K, used 34839K [0x00000000a0000000, 0x00000000a8580000, 0x00000000e0000000)
  object space 136704K, 25% used [0x00000000a0000000,0x00000000a2205ca0,0x00000000a8580000)
 Metaspace       used 66312K, capacity 69016K, committed 69248K, reserved 1110016K
  class space    used 9003K, capacity 9568K, committed 9600K, reserved 1048576K
Event: 15.188 GC heap after
Heap after GC invocations=17 (full 3):
 PSYoungGen      total 207872K, used 17381K [0x00000000e0000000, 0x00000000ee580000, 0x0000000100000000)
  eden space 190464K, 0% used [0x00000000e0000000,0x00000000e0000000,0x00000000eba00000)
  from space 17408K, 99% used [0x00000000ece00000,0x00000000edef9658,0x00000000edf00000)
  to   space 20480K, 0% used [0x00000000eba00000,0x00000000eba00000,0x00000000ece00000)
 ParOldGen       total 136704K, used 37590K [0x00000000a0000000, 0x00000000a8580000, 0x00000000e0000000)
  object space 136704K, 27% used [0x00000000a0000000,0x00000000a24b5b58,0x00000000a8580000)
 Metaspace       used 66312K, capacity 69016K, committed 69248K, reserved 1110016K
  class space    used 9003K, capacity 9568K, committed 9600K, reserved 1048576K
}
Event: 30.807 GC heap before
{Heap before GC invocations=18 (full 3):
 PSYoungGen      total 207872K, used 207845K [0x00000000e0000000, 0x00000000ee580000, 0x0000000100000000)
  eden space 190464K, 100% used [0x00000000e0000000,0x00000000eba00000,0x00000000eba00000)
  from space 17408K, 99% used [0x00000000ece00000,0x00000000edef9658,0x00000000edf00000)
  to   space 20480K, 0% used [0x00000000eba00000,0x00000000eba00000,0x00000000ece00000)
 ParOldGen       total 136704K, used 37590K [0x00000000a0000000, 0x00000000a8580000, 0x00000000e0000000)
  object space 136704K, 27% used [0x00000000a0000000,0x00000000a24b5b58,0x00000000a8580000)
 Metaspace       used 70390K, capacity 73280K, committed 73472K, reserved 1112064K
  class space    used 9322K, capacity 9932K, committed 9984K, reserved 1048576K
Event: 30.838 GC heap after
Heap after GC invocations=18 (full 3):
 PSYoungGen      total 210944K, used 20469K [0x00000000e0000000, 0x00000000f0780000, 0x0000000100000000)
  eden space 190464K, 0% used [0x00000000e0000000,0x00000000e0000000,0x00000000eba00000)
  from space 20480K, 99% used [0x00000000eba00000,0x00000000ecdfd638,0x00000000ece00000)
  to   space 26112K, 0% used [0x00000000eee00000,0x00000000eee00000,0x00000000f0780000)
 ParOldGen       total 136704K, used 45484K [0x00000000a0000000, 0x00000000a8580000, 0x00000000e0000000)
  object space 136704K, 33% used [0x00000000a0000000,0x00000000a2c6b208,0x00000000a8580000)
 Metaspace       used 70390K, capacity 73280K, committed 73472K, reserved 1112064K
  class space    used 9322K, capacity 9932K, committed 9984K, reserved 1048576K
}
Event: 33.397 GC heap before
{Heap before GC invocations=19 (full 3):
 PSYoungGen      total 210944K, used 210933K [0x00000000e0000000, 0x00000000f0780000, 0x0000000100000000)
  eden space 190464K, 100% used [0x00000000e0000000,0x00000000eba00000,0x00000000eba00000)
  from space 20480K, 99% used [0x00000000eba00000,0x00000000ecdfd638,0x00000000ece00000)
  to   space 26112K, 0% used [0x00000000eee00000,0x00000000eee00000,0x00000000f0780000)
 ParOldGen       total 136704K, used 45484K [0x00000000a0000000, 0x00000000a8580000, 0x00000000e0000000)
  object space 136704K, 33% used [0x00000000a0000000,0x00000000a2c6b208,0x00000000a8580000)
 Metaspace       used 76045K, capacity 78994K, committed 79232K, reserved 1118208K
  class space    used 10014K, capacity 10615K, committed 10624K, reserved 1048576K
Event: 33.447 GC heap after
Heap after GC invocations=19 (full 3):
 PSYoungGen      total 240640K, used 24475K [0x00000000e0000000, 0x00000000f1100000, 0x0000000100000000)
  eden space 214528K, 0% used [0x00000000e0000000,0x00000000e0000000,0x00000000ed180000)
  from space 26112K, 93% used [0x00000000eee00000,0x00000000f05e6db0,0x00000000f0780000)
  to   space 29184K, 0% used [0x00000000ed180000,0x00000000ed180000,0x00000000eee00000)
 ParOldGen       total 136704K, used 56826K [0x00000000a0000000, 0x00000000a8580000, 0x00000000e0000000)
  object space 136704K, 41% used [0x00000000a0000000,0x00000000a377e818,0x00000000a8580000)
 Metaspace       used 76045K, capacity 78994K, committed 79232K, reserved 1118208K
  class space    used 10014K, capacity 10615K, committed 10624K, reserved 1048576K
}
Event: 35.278 GC heap before
{Heap before GC invocations=20 (full 3):
 PSYoungGen      total 240640K, used 239003K [0x00000000e0000000, 0x00000000f1100000, 0x0000000100000000)
  eden space 214528K, 100% used [0x00000000e0000000,0x00000000ed180000,0x00000000ed180000)
  from space 26112K, 93% used [0x00000000eee00000,0x00000000f05e6db0,0x00000000f0780000)
  to   space 29184K, 0% used [0x00000000ed180000,0x00000000ed180000,0x00000000eee00000)
 ParOldGen       total 136704K, used 56826K [0x00000000a0000000, 0x00000000a8580000, 0x00000000e0000000)
  object space 136704K, 41% used [0x00000000a0000000,0x00000000a377e818,0x00000000a8580000)
 Metaspace       used 83474K, capacity 87328K, committed 87552K, reserved 1124352K
  class space    used 11227K, capacity 11952K, committed 12032K, reserved 1048576K
Event: 35.334 GC heap after
Heap after GC invocations=20 (full 3):
 PSYoungGen      total 243712K, used 29178K [0x00000000e0000000, 0x00000000f4d80000, 0x0000000100000000)
  eden space 214528K, 0% used [0x00000000e0000000,0x00000000e0000000,0x00000000ed180000)
  from space 29184K, 99% used [0x00000000ed180000,0x00000000eedfe8c8,0x00000000eee00000)
  to   space 49664K, 0% used [0x00000000f1d00000,0x00000000f1d00000,0x00000000f4d80000)
 ParOldGen       total 136704K, used 100785K [0x00000000a0000000, 0x00000000a8580000, 0x00000000e0000000)
  object space 136704K, 73% used [0x00000000a0000000,0x00000000a626c640,0x00000000a8580000)
 Metaspace       used 83474K, capacity 87328K, committed 87552K, reserved 1124352K
  class space    used 11227K, capacity 11952K, committed 12032K, reserved 1048576K
}

