# JRE version: OpenJDK Runtime Environment (8.0_202-b03) (build 1.8.0_202-release-1483-b03)
# Java VM: OpenJDK 64-Bit Server VM (25.202-b03 mixed mode windows-amd64 compressed oops)
Heap:
 PSYoungGen      total 204800K, used 96206K [0x00000000e0000000, 0x00000000eff80000, 0x0000000100000000)
  eden space 184320K, 44% used [0x00000000e0000000,0x00000000e50b03c0,0x00000000eb400000)
  from space 20480K, 66% used [0x00000000eeb80000,0x00000000ef8c36c8,0x00000000eff80000)
  to   space 18944K, 0% used [0x00000000eb400000,0x00000000eb400000,0x00000000ec680000)
 ParOldGen       total 125952K, used 76198K [0x00000000a0000000, 0x00000000a7b00000, 0x00000000e0000000)
  object space 125952K, 60% used [0x00000000a0000000,0x00000000a4a69930,0x00000000a7b00000)
 Metaspace       used 69410K, capacity 71764K, committed 72216K, reserved 1112064K
  class space    used 9378K, capacity 9888K, committed 10024K, reserved 1048576K
GC Heap History (10 events):
Event: 11.213 GC heap before
{Heap before GC invocations=16 (full 3):
 PSYoungGen      total 203264K, used 184320K [0x00000000e0000000, 0x00000000ede00000, 0x0000000100000000)
  eden space 184320K, 100% used [0x00000000e0000000,0x00000000eb400000,0x00000000eb400000)
  from space 18944K, 0% used [0x00000000ec680000,0x00000000ec680000,0x00000000ed900000)
  to   space 18944K, 0% used [0x00000000eb400000,0x00000000eb400000,0x00000000ec680000)
 ParOldGen       total 125952K, used 32546K [0x00000000a0000000, 0x00000000a7b00000, 0x00000000e0000000)
  object space 125952K, 25% used [0x00000000a0000000,0x00000000a1fc8960,0x00000000a7b00000)
 Metaspace       used 60673K, capacity 62850K, committed 63000K, reserved 1103872K
  class space    used 8245K, capacity 8743K, committed 8744K, reserved 1048576K
Event: 11.237 GC heap after
Heap after GC invocations=16 (full 3):
 PSYoungGen      total 203264K, used 15067K [0x00000000e0000000, 0x00000000eff80000, 0x0000000100000000)
  eden space 184320K, 0% used [0x00000000e0000000,0x00000000e0000000,0x00000000eb400000)
  from space 18944K, 79% used [0x00000000eb400000,0x00000000ec2b6f58,0x00000000ec680000)
  to   space 20480K, 0% used [0x00000000eeb80000,0x00000000eeb80000,0x00000000eff80000)
 ParOldGen       total 125952K, used 32554K [0x00000000a0000000, 0x00000000a7b00000, 0x00000000e0000000)
  object space 125952K, 25% used [0x00000000a0000000,0x00000000a1fca960,0x00000000a7b00000)
 Metaspace       used 60673K, capacity 62850K, committed 63000K, reserved 1103872K
  class space    used 8245K, capacity 8743K, committed 8744K, reserved 1048576K
}
Event: 12.522 GC heap before
{Heap before GC invocations=17 (full 3):
 PSYoungGen      total 203264K, used 199387K [0x00000000e0000000, 0x00000000eff80000, 0x0000000100000000)
  eden space 184320K, 100% used [0x00000000e0000000,0x00000000eb400000,0x00000000eb400000)
  from space 18944K, 79% used [0x00000000eb400000,0x00000000ec2b6f58,0x00000000ec680000)
  to   space 20480K, 0% used [0x00000000eeb80000,0x00000000eeb80000,0x00000000eff80000)
 ParOldGen       total 125952K, used 32554K [0x00000000a0000000, 0x00000000a7b00000, 0x00000000e0000000)
  object space 125952K, 25% used [0x00000000a0000000,0x00000000a1fca960,0x00000000a7b00000)
 Metaspace       used 64292K, capacity 66828K, committed 67224K, reserved 1107968K
  class space    used 8724K, capacity 9264K, committed 9384K, reserved 1048576K
Event: 12.575 GC heap after
Heap after GC invocations=17 (full 3):
 PSYoungGen      total 204800K, used 20459K [0x00000000e0000000, 0x00000000eff80000, 0x0000000100000000)
  eden space 184320K, 0% used [0x00000000e0000000,0x00000000e0000000,0x00000000eb400000)
  from space 20480K, 99% used [0x00000000eeb80000,0x00000000eff7ac98,0x00000000eff80000)
  to   space 18944K, 0% used [0x00000000eb400000,0x00000000eb400000,0x00000000ec680000)
 ParOldGen       total 125952K, used 49331K [0x00000000a0000000, 0x00000000a7b00000, 0x00000000e0000000)
  object space 125952K, 39% used [0x00000000a0000000,0x00000000a302cc28,0x00000000a7b00000)
 Metaspace       used 64292K, capacity 66828K, committed 67224K, reserved 1107968K
  class space    used 8724K, capacity 9264K, committed 9384K, reserved 1048576K
}
Event: 12.861 GC heap before
{Heap before GC invocations=18 (full 3):
 PSYoungGen      total 204800K, used 91753K [0x00000000e0000000, 0x00000000eff80000, 0x0000000100000000)
  eden space 184320K, 38% used [0x00000000e0000000,0x00000000e459faa0,0x00000000eb400000)
  from space 20480K, 99% used [0x00000000eeb80000,0x00000000eff7ac98,0x00000000eff80000)
  to   space 18944K, 0% used [0x00000000eb400000,0x00000000eb400000,0x00000000ec680000)
 ParOldGen       total 125952K, used 49331K [0x00000000a0000000, 0x00000000a7b00000, 0x00000000e0000000)
  object space 125952K, 39% used [0x00000000a0000000,0x00000000a302cc28,0x00000000a7b00000)
 Metaspace       used 65845K, capacity 68324K, committed 68376K, reserved 1112064K
  class space    used 8967K, capacity 9502K, committed 9512K, reserved 1048576K
Event: 12.889 GC heap after
Heap after GC invocations=18 (full 3):
 PSYoungGen      total 203264K, used 18923K [0x00000000e0000000, 0x00000000eff80000, 0x0000000100000000)
  eden space 184320K, 0% used [0x00000000e0000000,0x00000000e0000000,0x00000000eb400000)
  from space 18944K, 99% used [0x00000000eb400000,0x00000000ec67aeb0,0x00000000ec680000)
  to   space 20480K, 0% used [0x00000000eeb80000,0x00000000eeb80000,0x00000000eff80000)
 ParOldGen       total 125952K, used 63962K [0x00000000a0000000, 0x00000000a7b00000, 0x00000000e0000000)
  object space 125952K, 50% used [0x00000000a0000000,0x00000000a3e76950,0x00000000a7b00000)
 Metaspace       used 65845K, capacity 68324K, committed 68376K, reserved 1112064K
  class space    used 8967K, capacity 9502K, committed 9512K, reserved 1048576K
}
Event: 12.889 GC heap before
{Heap before GC invocations=19 (full 4):
 PSYoungGen      total 203264K, used 18923K [0x00000000e0000000, 0x00000000eff80000, 0x0000000100000000)
  eden space 184320K, 0% used [0x00000000e0000000,0x00000000e0000000,0x00000000eb400000)
  from space 18944K, 99% used [0x00000000eb400000,0x00000000ec67aeb0,0x00000000ec680000)
  to   space 20480K, 0% used [0x00000000eeb80000,0x00000000eeb80000,0x00000000eff80000)
 ParOldGen       total 125952K, used 63962K [0x00000000a0000000, 0x00000000a7b00000, 0x00000000e0000000)
  object space 125952K, 50% used [0x00000000a0000000,0x00000000a3e76950,0x00000000a7b00000)
 Metaspace       used 65845K, capacity 68324K, committed 68376K, reserved 1112064K
  class space    used 8967K, capacity 9502K, committed 9512K, reserved 1048576K
Event: 13.060 GC heap after
Heap after GC invocations=19 (full 4):
 PSYoungGen      total 203264K, used 0K [0x00000000e0000000, 0x00000000eff80000, 0x0000000100000000)
  eden space 184320K, 0% used [0x00000000e0000000,0x00000000e0000000,0x00000000eb400000)
  from space 18944K, 0% used [0x00000000eb400000,0x00000000eb400000,0x00000000ec680000)
  to   space 20480K, 0% used [0x00000000eeb80000,0x00000000eeb80000,0x00000000eff80000)
 ParOldGen       total 125952K, used 76190K [0x00000000a0000000, 0x00000000a7b00000, 0x00000000e0000000)
  object space 125952K, 60% used [0x00000000a0000000,0x00000000a4a67930,0x00000000a7b00000)
 Metaspace       used 65600K, capacity 67624K, committed 68376K, reserved 1110016K
  class space    used 8890K, capacity 9366K, committed 9512K, reserved 1048576K
}
Event: 14.036 GC heap before
{Heap before GC invocations=20 (full 4):
 PSYoungGen      total 203264K, used 184320K [0x00000000e0000000, 0x00000000eff80000, 0x0000000100000000)
  eden space 184320K, 100% used [0x00000000e0000000,0x00000000eb400000,0x00000000eb400000)
  from space 18944K, 0% used [0x00000000eb400000,0x00000000eb400000,0x00000000ec680000)
  to   space 20480K, 0% used [0x00000000eeb80000,0x00000000eeb80000,0x00000000eff80000)
 ParOldGen       total 125952K, used 76190K [0x00000000a0000000, 0x00000000a7b00000, 0x00000000e0000000)
  object space 125952K, 60% used [0x00000000a0000000,0x00000000a4a67930,0x00000000a7b00000)
 Metaspace       used 69351K, capacity 71672K, committed 72216K, reserved 1112064K
  class space    used 9378K, capacity 9888K, committed 10024K, reserved 1048576K
Event: 14.070 GC heap after
Heap after GC invocations=20 (full 4):
 PSYoungGen      total 204800K, used 13581K [0x00000000e0000000, 0x00000000eff80000, 0x0000000100000000)
  eden space 184320K, 0% used [0x00000000e0000000,0x00000000e0000000,0x00000000eb400000)
  from space 20480K, 66% used [0x00000000eeb80000,0x00000000ef8c36c8,0x00000000eff80000)
  to   space 18944K, 0% used [0x00000000eb400000,0x00000000eb400000,0x00000000ec680000)
 ParOldGen       total 125952K, used 76198K [0x00000000a0000000, 0x00000000a7b00000, 0x00000000e0000000)
  object space 125952K, 60% used [0x00000000a0000000,0x00000000a4a69930,0x00000000a7b00000)
 Metaspace       used 69351K, capacity 71672K, committed 72216K, reserved 1112064K
  class space    used 9378K, capacity 9888K, committed 10024K, reserved 1048576K
}

