# JRE version: OpenJDK Runtime Environment (8.0_202-b03) (build 1.8.0_202-release-1483-b03)
# Java VM: OpenJDK 64-Bit Server VM (25.202-b03 mixed mode windows-amd64 compressed oops)
Heap:
 PSYoungGen      total 484864K, used 381592K [0x00000000e0000000, 0x0000000100000000, 0x0000000100000000)
  eden space 450560K, 84% used [0x00000000e0000000,0x00000000f72d2328,0x00000000fb800000)
  from space 34304K, 5% used [0x00000000fb800000,0x00000000fb9d4060,0x00000000fd980000)
  to   space 34816K, 0% used [0x00000000fde00000,0x00000000fde00000,0x0000000100000000)
 ParOldGen       total 335360K, used 296755K [0x00000000a0000000, 0x00000000b4780000, 0x00000000e0000000)
  object space 335360K, 88% used [0x00000000a0000000,0x00000000b21ccef0,0x00000000b4780000)
 Metaspace       used 132156K, capacity 138832K, committed 139212K, reserved 1171456K
  class space    used 16541K, capacity 17750K, committed 17920K, reserved 1048576K
GC Heap History (10 events):
Event: 10187.889 GC heap before
{Heap before GC invocations=59 (full 6):
 PSYoungGen      total 477696K, used 450528K [0x00000000e0000000, 0x00000000ffc00000, 0x0000000100000000)
  eden space 439296K, 100% used [0x00000000e0000000,0x00000000fad00000,0x00000000fad00000)
  from space 38400K, 29% used [0x00000000fd680000,0x00000000fe178000,0x00000000ffc00000)
  to   space 40448K, 0% used [0x00000000fad00000,0x00000000fad00000,0x00000000fd480000)
 ParOldGen       total 335360K, used 249691K [0x00000000a0000000, 0x00000000b4780000, 0x00000000e0000000)
  object space 335360K, 74% used [0x00000000a0000000,0x00000000af3d6eb8,0x00000000b4780000)
 Metaspace       used 132130K, capacity 138768K, committed 138956K, reserved 1171456K
  class space    used 16540K, capacity 17750K, committed 17920K, reserved 1048576K
Event: 10187.946 GC heap after
Heap after GC invocations=59 (full 6):
 PSYoungGen      total 479744K, used 15774K [0x00000000e0000000, 0x00000000ffe00000, 0x0000000100000000)
  eden space 439296K, 0% used [0x00000000e0000000,0x00000000e0000000,0x00000000fad00000)
  from space 40448K, 39% used [0x00000000fad00000,0x00000000fbc67b10,0x00000000fd480000)
  to   space 38400K, 0% used [0x00000000fd880000,0x00000000fd880000,0x00000000ffe00000)
 ParOldGen       total 335360K, used 257303K [0x00000000a0000000, 0x00000000b4780000, 0x00000000e0000000)
  object space 335360K, 76% used [0x00000000a0000000,0x00000000afb45f18,0x00000000b4780000)
 Metaspace       used 132130K, capacity 138768K, committed 138956K, reserved 1171456K
  class space    used 16540K, capacity 17750K, committed 17920K, reserved 1048576K
}
Event: 10188.216 GC heap before
{Heap before GC invocations=60 (full 6):
 PSYoungGen      total 479744K, used 455070K [0x00000000e0000000, 0x00000000ffe00000, 0x0000000100000000)
  eden space 439296K, 100% used [0x00000000e0000000,0x00000000fad00000,0x00000000fad00000)
  from space 40448K, 39% used [0x00000000fad00000,0x00000000fbc67b10,0x00000000fd480000)
  to   space 38400K, 0% used [0x00000000fd880000,0x00000000fd880000,0x00000000ffe00000)
 ParOldGen       total 335360K, used 257303K [0x00000000a0000000, 0x00000000b4780000, 0x00000000e0000000)
  object space 335360K, 76% used [0x00000000a0000000,0x00000000afb45f18,0x00000000b4780000)
 Metaspace       used 132135K, capacity 138768K, committed 138956K, reserved 1171456K
  class space    used 16540K, capacity 17750K, committed 17920K, reserved 1048576K
Event: 10188.262 GC heap after
Heap after GC invocations=60 (full 6):
 PSYoungGen      total 481792K, used 9584K [0x00000000e0000000, 0x00000000ffc00000, 0x0000000100000000)
  eden space 445440K, 0% used [0x00000000e0000000,0x00000000e0000000,0x00000000fb300000)
  from space 36352K, 26% used [0x00000000fd880000,0x00000000fe1dc1b0,0x00000000ffc00000)
  to   space 37376K, 0% used [0x00000000fb300000,0x00000000fb300000,0x00000000fd780000)
 ParOldGen       total 335360K, used 267808K [0x00000000a0000000, 0x00000000b4780000, 0x00000000e0000000)
  object space 335360K, 79% used [0x00000000a0000000,0x00000000b0588318,0x00000000b4780000)
 Metaspace       used 132135K, capacity 138768K, committed 138956K, reserved 1171456K
  class space    used 16540K, capacity 17750K, committed 17920K, reserved 1048576K
}
Event: 10188.552 GC heap before
{Heap before GC invocations=61 (full 6):
 PSYoungGen      total 481792K, used 455024K [0x00000000e0000000, 0x00000000ffc00000, 0x0000000100000000)
  eden space 445440K, 100% used [0x00000000e0000000,0x00000000fb300000,0x00000000fb300000)
  from space 36352K, 26% used [0x00000000fd880000,0x00000000fe1dc1b0,0x00000000ffc00000)
  to   space 37376K, 0% used [0x00000000fb300000,0x00000000fb300000,0x00000000fd780000)
 ParOldGen       total 335360K, used 267808K [0x00000000a0000000, 0x00000000b4780000, 0x00000000e0000000)
  object space 335360K, 79% used [0x00000000a0000000,0x00000000b0588318,0x00000000b4780000)
 Metaspace       used 132148K, capacity 138832K, committed 139212K, reserved 1171456K
  class space    used 16540K, capacity 17750K, committed 17920K, reserved 1048576K
Event: 10188.576 GC heap after
Heap after GC invocations=61 (full 6):
 PSYoungGen      total 482816K, used 11489K [0x00000000e0000000, 0x00000000fff00000, 0x0000000100000000)
  eden space 445440K, 0% used [0x00000000e0000000,0x00000000e0000000,0x00000000fb300000)
  from space 37376K, 30% used [0x00000000fb300000,0x00000000fbe38480,0x00000000fd780000)
  to   space 36352K, 0% used [0x00000000fdb80000,0x00000000fdb80000,0x00000000fff00000)
 ParOldGen       total 335360K, used 274898K [0x00000000a0000000, 0x00000000b4780000, 0x00000000e0000000)
  object space 335360K, 81% used [0x00000000a0000000,0x00000000b0c74980,0x00000000b4780000)
 Metaspace       used 132148K, capacity 138832K, committed 139212K, reserved 1171456K
  class space    used 16540K, capacity 17750K, committed 17920K, reserved 1048576K
}
Event: 10188.879 GC heap before
{Heap before GC invocations=62 (full 6):
 PSYoungGen      total 482816K, used 456929K [0x00000000e0000000, 0x00000000fff00000, 0x0000000100000000)
  eden space 445440K, 100% used [0x00000000e0000000,0x00000000fb300000,0x00000000fb300000)
  from space 37376K, 30% used [0x00000000fb300000,0x00000000fbe38480,0x00000000fd780000)
  to   space 36352K, 0% used [0x00000000fdb80000,0x00000000fdb80000,0x00000000fff00000)
 ParOldGen       total 335360K, used 274900K [0x00000000a0000000, 0x00000000b4780000, 0x00000000e0000000)
  object space 335360K, 81% used [0x00000000a0000000,0x00000000b0c75230,0x00000000b4780000)
 Metaspace       used 132150K, capacity 138832K, committed 139212K, reserved 1171456K
  class space    used 16540K, capacity 17750K, committed 17920K, reserved 1048576K
Event: 10188.927 GC heap after
Heap after GC invocations=62 (full 6):
 PSYoungGen      total 482816K, used 16218K [0x00000000e0000000, 0x00000000ffb00000, 0x0000000100000000)
  eden space 450560K, 0% used [0x00000000e0000000,0x00000000e0000000,0x00000000fb800000)
  from space 32256K, 50% used [0x00000000fdb80000,0x00000000feb56ba8,0x00000000ffb00000)
  to   space 34304K, 0% used [0x00000000fb800000,0x00000000fb800000,0x00000000fd980000)
 ParOldGen       total 335360K, used 283294K [0x00000000a0000000, 0x00000000b4780000, 0x00000000e0000000)
  object space 335360K, 84% used [0x00000000a0000000,0x00000000b14a7988,0x00000000b4780000)
 Metaspace       used 132150K, capacity 138832K, committed 139212K, reserved 1171456K
  class space    used 16540K, capacity 17750K, committed 17920K, reserved 1048576K
}
Event: 10188.968 GC heap before
{Heap before GC invocations=63 (full 6):
 PSYoungGen      total 482816K, used 80532K [0x00000000e0000000, 0x00000000ffb00000, 0x0000000100000000)
  eden space 450560K, 14% used [0x00000000e0000000,0x00000000e3ece690,0x00000000fb800000)
  from space 32256K, 50% used [0x00000000fdb80000,0x00000000feb56ba8,0x00000000ffb00000)
  to   space 34304K, 0% used [0x00000000fb800000,0x00000000fb800000,0x00000000fd980000)
 ParOldGen       total 335360K, used 283294K [0x00000000a0000000, 0x00000000b4780000, 0x00000000e0000000)
  object space 335360K, 84% used [0x00000000a0000000,0x00000000b14a7988,0x00000000b4780000)
 Metaspace       used 132151K, capacity 138832K, committed 139212K, reserved 1171456K
  class space    used 16540K, capacity 17750K, committed 17920K, reserved 1048576K
Event: 10188.979 GC heap after
Heap after GC invocations=63 (full 6):
 PSYoungGen      total 484864K, used 1872K [0x00000000e0000000, 0x0000000100000000, 0x0000000100000000)
  eden space 450560K, 0% used [0x00000000e0000000,0x00000000e0000000,0x00000000fb800000)
  from space 34304K, 5% used [0x00000000fb800000,0x00000000fb9d4060,0x00000000fd980000)
  to   space 34816K, 0% used [0x00000000fde00000,0x00000000fde00000,0x0000000100000000)
 ParOldGen       total 335360K, used 296755K [0x00000000a0000000, 0x00000000b4780000, 0x00000000e0000000)
  object space 335360K, 88% used [0x00000000a0000000,0x00000000b21ccef0,0x00000000b4780000)
 Metaspace       used 132151K, capacity 138832K, committed 139212K, reserved 1171456K
  class space    used 16540K, capacity 17750K, committed 17920K, reserved 1048576K
}

