# JRE version: OpenJDK Runtime Environment (8.0_202-b03) (build 1.8.0_202-release-1483-b03)
# Java VM: OpenJDK 64-Bit Server VM (25.202-b03 mixed mode windows-amd64 compressed oops)
Heap:
 PSYoungGen      total 233984K, used 171155K [0x00000000e0000000, 0x00000000f1d00000, 0x0000000100000000)
  eden space 212992K, 80% used [0x00000000e0000000,0x00000000ea724d68,0x00000000ed000000)
  from space 20992K, 0% used [0x00000000ee480000,0x00000000ee480000,0x00000000ef900000)
  to   space 20992K, 0% used [0x00000000ed000000,0x00000000ed000000,0x00000000ee480000)
 ParOldGen       total 135168K, used 33509K [0x00000000a0000000, 0x00000000a8400000, 0x00000000e0000000)
  object space 135168K, 24% used [0x00000000a0000000,0x00000000a20b95c8,0x00000000a8400000)
 Metaspace       used 63990K, capacity 66674K, committed 66968K, reserved 1107968K
  class space    used 8739K, capacity 9279K, committed 9384K, reserved 1048576K
GC Heap History (10 events):
Event: 10.530 GC heap before
{Heap before GC invocations=9 (full 2):
 PSYoungGen      total 124416K, used 10245K [0x00000000e0000000, 0x00000000ed900000, 0x0000000100000000)
  eden space 111616K, 0% used [0x00000000e0000000,0x00000000e0000000,0x00000000e6d00000)
  from space 12800K, 80% used [0x00000000e6d00000,0x00000000e7701688,0x00000000e7980000)
  to   space 13312K, 0% used [0x00000000ecc00000,0x00000000ecc00000,0x00000000ed900000)
 ParOldGen       total 63488K, used 13607K [0x00000000a0000000, 0x00000000a3e00000, 0x00000000e0000000)
  object space 63488K, 21% used [0x00000000a0000000,0x00000000a0d49f08,0x00000000a3e00000)
 Metaspace       used 34504K, capacity 35454K, committed 35496K, reserved 1079296K
  class space    used 4763K, capacity 4993K, committed 5032K, reserved 1048576K
Event: 10.607 GC heap after
Heap after GC invocations=9 (full 2):
 PSYoungGen      total 124416K, used 0K [0x00000000e0000000, 0x00000000ed900000, 0x0000000100000000)
  eden space 111616K, 0% used [0x00000000e0000000,0x00000000e0000000,0x00000000e6d00000)
  from space 12800K, 0% used [0x00000000e6d00000,0x00000000e6d00000,0x00000000e7980000)
  to   space 13312K, 0% used [0x00000000ecc00000,0x00000000ecc00000,0x00000000ed900000)
 ParOldGen       total 91136K, used 16836K [0x00000000a0000000, 0x00000000a5900000, 0x00000000e0000000)
  object space 91136K, 18% used [0x00000000a0000000,0x00000000a1071388,0x00000000a5900000)
 Metaspace       used 34504K, capacity 35454K, committed 35496K, reserved 1079296K
  class space    used 4763K, capacity 4993K, committed 5032K, reserved 1048576K
}
Event: 12.272 GC heap before
{Heap before GC invocations=10 (full 2):
 PSYoungGen      total 124416K, used 111616K [0x00000000e0000000, 0x00000000ed900000, 0x0000000100000000)
  eden space 111616K, 100% used [0x00000000e0000000,0x00000000e6d00000,0x00000000e6d00000)
  from space 12800K, 0% used [0x00000000e6d00000,0x00000000e6d00000,0x00000000e7980000)
  to   space 13312K, 0% used [0x00000000ecc00000,0x00000000ecc00000,0x00000000ed900000)
 ParOldGen       total 91136K, used 16836K [0x00000000a0000000, 0x00000000a5900000, 0x00000000e0000000)
  object space 91136K, 18% used [0x00000000a0000000,0x00000000a1071388,0x00000000a5900000)
 Metaspace       used 45081K, capacity 46350K, committed 46632K, reserved 1089536K
  class space    used 6078K, capacity 6354K, committed 6440K, reserved 1048576K
Event: 12.289 GC heap after
Heap after GC invocations=10 (full 2):
 PSYoungGen      total 178176K, used 13293K [0x00000000e0000000, 0x00000000ed900000, 0x0000000100000000)
  eden space 164864K, 0% used [0x00000000e0000000,0x00000000e0000000,0x00000000ea100000)
  from space 13312K, 99% used [0x00000000ecc00000,0x00000000ed8fb748,0x00000000ed900000)
  to   space 15872K, 0% used [0x00000000eba00000,0x00000000eba00000,0x00000000ec980000)
 ParOldGen       total 91136K, used 19265K [0x00000000a0000000, 0x00000000a5900000, 0x00000000e0000000)
  object space 91136K, 21% used [0x00000000a0000000,0x00000000a12d05f8,0x00000000a5900000)
 Metaspace       used 45081K, capacity 46350K, committed 46632K, reserved 1089536K
  class space    used 6078K, capacity 6354K, committed 6440K, reserved 1048576K
}
Event: 15.147 GC heap before
{Heap before GC invocations=11 (full 2):
 PSYoungGen      total 178176K, used 178157K [0x00000000e0000000, 0x00000000ed900000, 0x0000000100000000)
  eden space 164864K, 100% used [0x00000000e0000000,0x00000000ea100000,0x00000000ea100000)
  from space 13312K, 99% used [0x00000000ecc00000,0x00000000ed8fb748,0x00000000ed900000)
  to   space 15872K, 0% used [0x00000000eba00000,0x00000000eba00000,0x00000000ec980000)
 ParOldGen       total 91136K, used 19265K [0x00000000a0000000, 0x00000000a5900000, 0x00000000e0000000)
  object space 91136K, 21% used [0x00000000a0000000,0x00000000a12d05f8,0x00000000a5900000)
 Metaspace       used 55432K, capacity 57332K, committed 57640K, reserved 1099776K
  class space    used 7548K, capacity 7966K, committed 7976K, reserved 1048576K
Event: 15.195 GC heap after
Heap after GC invocations=11 (full 2):
 PSYoungGen      total 206336K, used 15860K [0x00000000e0000000, 0x00000000ef900000, 0x0000000100000000)
  eden space 190464K, 0% used [0x00000000e0000000,0x00000000e0000000,0x00000000eba00000)
  from space 15872K, 99% used [0x00000000eba00000,0x00000000ec97d320,0x00000000ec980000)
  to   space 20992K, 0% used [0x00000000ee480000,0x00000000ee480000,0x00000000ef900000)
 ParOldGen       total 91136K, used 26599K [0x00000000a0000000, 0x00000000a5900000, 0x00000000e0000000)
  object space 91136K, 29% used [0x00000000a0000000,0x00000000a19f9de8,0x00000000a5900000)
 Metaspace       used 55432K, capacity 57332K, committed 57640K, reserved 1099776K
  class space    used 7548K, capacity 7966K, committed 7976K, reserved 1048576K
}
Event: 16.635 GC heap before
{Heap before GC invocations=12 (full 2):
 PSYoungGen      total 206336K, used 60891K [0x00000000e0000000, 0x00000000ef900000, 0x0000000100000000)
  eden space 190464K, 23% used [0x00000000e0000000,0x00000000e2bf9a00,0x00000000eba00000)
  from space 15872K, 99% used [0x00000000eba00000,0x00000000ec97d320,0x00000000ec980000)
  to   space 20992K, 0% used [0x00000000ee480000,0x00000000ee480000,0x00000000ef900000)
 ParOldGen       total 91136K, used 26599K [0x00000000a0000000, 0x00000000a5900000, 0x00000000e0000000)
  object space 91136K, 29% used [0x00000000a0000000,0x00000000a19f9de8,0x00000000a5900000)
 Metaspace       used 57206K, capacity 59150K, committed 59160K, reserved 1099776K
  class space    used 7816K, capacity 8229K, committed 8232K, reserved 1048576K
Event: 16.672 GC heap after
Heap after GC invocations=12 (full 2):
 PSYoungGen      total 233984K, used 13036K [0x00000000e0000000, 0x00000000f1d00000, 0x0000000100000000)
  eden space 212992K, 0% used [0x00000000e0000000,0x00000000e0000000,0x00000000ed000000)
  from space 20992K, 62% used [0x00000000ee480000,0x00000000ef13b128,0x00000000ef900000)
  to   space 20992K, 0% used [0x00000000ed000000,0x00000000ed000000,0x00000000ee480000)
 ParOldGen       total 91136K, used 33187K [0x00000000a0000000, 0x00000000a5900000, 0x00000000e0000000)
  object space 91136K, 36% used [0x00000000a0000000,0x00000000a2068c00,0x00000000a5900000)
 Metaspace       used 57206K, capacity 59150K, committed 59160K, reserved 1099776K
  class space    used 7816K, capacity 8229K, committed 8232K, reserved 1048576K
}
Event: 16.672 GC heap before
{Heap before GC invocations=13 (full 3):
 PSYoungGen      total 233984K, used 13036K [0x00000000e0000000, 0x00000000f1d00000, 0x0000000100000000)
  eden space 212992K, 0% used [0x00000000e0000000,0x00000000e0000000,0x00000000ed000000)
  from space 20992K, 62% used [0x00000000ee480000,0x00000000ef13b128,0x00000000ef900000)
  to   space 20992K, 0% used [0x00000000ed000000,0x00000000ed000000,0x00000000ee480000)
 ParOldGen       total 91136K, used 33187K [0x00000000a0000000, 0x00000000a5900000, 0x00000000e0000000)
  object space 91136K, 36% used [0x00000000a0000000,0x00000000a2068c00,0x00000000a5900000)
 Metaspace       used 57206K, capacity 59150K, committed 59160K, reserved 1099776K
  class space    used 7816K, capacity 8229K, committed 8232K, reserved 1048576K
Event: 17.041 GC heap after
Heap after GC invocations=13 (full 3):
 PSYoungGen      total 233984K, used 0K [0x00000000e0000000, 0x00000000f1d00000, 0x0000000100000000)
  eden space 212992K, 0% used [0x00000000e0000000,0x00000000e0000000,0x00000000ed000000)
  from space 20992K, 0% used [0x00000000ee480000,0x00000000ee480000,0x00000000ef900000)
  to   space 20992K, 0% used [0x00000000ed000000,0x00000000ed000000,0x00000000ee480000)
 ParOldGen       total 135168K, used 33509K [0x00000000a0000000, 0x00000000a8400000, 0x00000000e0000000)
  object space 135168K, 24% used [0x00000000a0000000,0x00000000a20b95c8,0x00000000a8400000)
 Metaspace       used 57193K, capacity 59108K, committed 59160K, reserved 1099776K
  class space    used 7813K, capacity 8222K, committed 8232K, reserved 1048576K
}

