# JRE version: OpenJDK Runtime Environment (8.0_202-b03) (build 1.8.0_202-release-1483-b03)
# Java VM: OpenJDK 64-Bit Server VM (25.202-b03 mixed mode windows-amd64 compressed oops)
Heap:
 PSYoungGen      total 281600K, used 177805K [0x00000000e0000000, 0x00000000f5f80000, 0x0000000100000000)
  eden space 243712K, 65% used [0x00000000e0000000,0x00000000e9aba0d0,0x00000000eee00000)
  from space 37888K, 51% used [0x00000000eee00000,0x00000000f00e9330,0x00000000f1300000)
  to   space 36864K, 0% used [0x00000000f3b80000,0x00000000f3b80000,0x00000000f5f80000)
 ParOldGen       total 135680K, used 95179K [0x00000000a0000000, 0x00000000a8480000, 0x00000000e0000000)
  object space 135680K, 70% used [0x00000000a0000000,0x00000000a5cf2f08,0x00000000a8480000)
 Metaspace       used 71440K, capacity 74529K, committed 74776K, reserved 1114112K
  class space    used 9636K, capacity 10249K, committed 10280K, reserved 1048576K
GC Heap History (10 events):
Event: 10.824 GC heap before
{Heap before GC invocations=16 (full 3):
 PSYoungGen      total 188416K, used 169984K [0x00000000e0000000, 0x00000000ed680000, 0x0000000100000000)
  eden space 169984K, 100% used [0x00000000e0000000,0x00000000ea600000,0x00000000ea600000)
  from space 18432K, 0% used [0x00000000eb800000,0x00000000eb800000,0x00000000eca00000)
  to   space 18432K, 0% used [0x00000000ea600000,0x00000000ea600000,0x00000000eb800000)
 ParOldGen       total 135680K, used 33159K [0x00000000a0000000, 0x00000000a8480000, 0x00000000e0000000)
  object space 135680K, 24% used [0x00000000a0000000,0x00000000a2061fe8,0x00000000a8480000)
 Metaspace       used 60470K, capacity 62513K, committed 62744K, reserved 1103872K
  class space    used 8211K, capacity 8681K, committed 8744K, reserved 1048576K
Event: 10.837 GC heap after
Heap after GC invocations=16 (full 3):
 PSYoungGen      total 188416K, used 14589K [0x00000000e0000000, 0x00000000eec00000, 0x0000000100000000)
  eden space 169984K, 0% used [0x00000000e0000000,0x00000000e0000000,0x00000000ea600000)
  from space 18432K, 79% used [0x00000000ea600000,0x00000000eb43f458,0x00000000eb800000)
  to   space 19456K, 0% used [0x00000000ed900000,0x00000000ed900000,0x00000000eec00000)
 ParOldGen       total 135680K, used 33167K [0x00000000a0000000, 0x00000000a8480000, 0x00000000e0000000)
  object space 135680K, 24% used [0x00000000a0000000,0x00000000a2063fe8,0x00000000a8480000)
 Metaspace       used 60470K, capacity 62513K, committed 62744K, reserved 1103872K
  class space    used 8211K, capacity 8681K, committed 8744K, reserved 1048576K
}
Event: 12.401 GC heap before
{Heap before GC invocations=17 (full 3):
 PSYoungGen      total 188416K, used 184573K [0x00000000e0000000, 0x00000000eec00000, 0x0000000100000000)
  eden space 169984K, 100% used [0x00000000e0000000,0x00000000ea600000,0x00000000ea600000)
  from space 18432K, 79% used [0x00000000ea600000,0x00000000eb43f458,0x00000000eb800000)
  to   space 19456K, 0% used [0x00000000ed900000,0x00000000ed900000,0x00000000eec00000)
 ParOldGen       total 135680K, used 33167K [0x00000000a0000000, 0x00000000a8480000, 0x00000000e0000000)
  object space 135680K, 24% used [0x00000000a0000000,0x00000000a2063fe8,0x00000000a8480000)
 Metaspace       used 63296K, capacity 65461K, committed 65688K, reserved 1105920K
  class space    used 8591K, capacity 9105K, committed 9128K, reserved 1048576K
Event: 12.423 GC heap after
Heap after GC invocations=17 (full 3):
 PSYoungGen      total 215040K, used 19451K [0x00000000e0000000, 0x00000000ef900000, 0x0000000100000000)
  eden space 195584K, 0% used [0x00000000e0000000,0x00000000e0000000,0x00000000ebf00000)
  from space 19456K, 99% used [0x00000000ed900000,0x00000000eebfed60,0x00000000eec00000)
  to   space 26624K, 0% used [0x00000000ebf00000,0x00000000ebf00000,0x00000000ed900000)
 ParOldGen       total 135680K, used 45358K [0x00000000a0000000, 0x00000000a8480000, 0x00000000e0000000)
  object space 135680K, 33% used [0x00000000a0000000,0x00000000a2c4bb90,0x00000000a8480000)
 Metaspace       used 63296K, capacity 65461K, committed 65688K, reserved 1105920K
  class space    used 8591K, capacity 9105K, committed 9128K, reserved 1048576K
}
Event: 13.558 GC heap before
{Heap before GC invocations=18 (full 3):
 PSYoungGen      total 215040K, used 215035K [0x00000000e0000000, 0x00000000ef900000, 0x0000000100000000)
  eden space 195584K, 100% used [0x00000000e0000000,0x00000000ebf00000,0x00000000ebf00000)
  from space 19456K, 99% used [0x00000000ed900000,0x00000000eebfed60,0x00000000eec00000)
  to   space 26624K, 0% used [0x00000000ebf00000,0x00000000ebf00000,0x00000000ed900000)
 ParOldGen       total 135680K, used 45358K [0x00000000a0000000, 0x00000000a8480000, 0x00000000e0000000)
  object space 135680K, 33% used [0x00000000a0000000,0x00000000a2c4bb90,0x00000000a8480000)
 Metaspace       used 69302K, capacity 71977K, committed 72088K, reserved 1112064K
  class space    used 9492K, capacity 10057K, committed 10152K, reserved 1048576K
Event: 13.611 GC heap after
Heap after GC invocations=18 (full 3):
 PSYoungGen      total 222208K, used 26620K [0x00000000e0000000, 0x00000000f3980000, 0x0000000100000000)
  eden space 195584K, 0% used [0x00000000e0000000,0x00000000e0000000,0x00000000ebf00000)
  from space 26624K, 99% used [0x00000000ebf00000,0x00000000ed8ff370,0x00000000ed900000)
  to   space 39424K, 0% used [0x00000000f1300000,0x00000000f1300000,0x00000000f3980000)
 ParOldGen       total 135680K, used 68901K [0x00000000a0000000, 0x00000000a8480000, 0x00000000e0000000)
  object space 135680K, 50% used [0x00000000a0000000,0x00000000a43494c0,0x00000000a8480000)
 Metaspace       used 69302K, capacity 71977K, committed 72088K, reserved 1112064K
  class space    used 9492K, capacity 10057K, committed 10152K, reserved 1048576K
}
Event: 14.578 GC heap before
{Heap before GC invocations=19 (full 3):
 PSYoungGen      total 222208K, used 222204K [0x00000000e0000000, 0x00000000f3980000, 0x0000000100000000)
  eden space 195584K, 100% used [0x00000000e0000000,0x00000000ebf00000,0x00000000ebf00000)
  from space 26624K, 99% used [0x00000000ebf00000,0x00000000ed8ff370,0x00000000ed900000)
  to   space 39424K, 0% used [0x00000000f1300000,0x00000000f1300000,0x00000000f3980000)
 ParOldGen       total 135680K, used 68901K [0x00000000a0000000, 0x00000000a8480000, 0x00000000e0000000)
  object space 135680K, 50% used [0x00000000a0000000,0x00000000a43494c0,0x00000000a8480000)
 Metaspace       used 70803K, capacity 73823K, committed 74008K, reserved 1114112K
  class space    used 9612K, capacity 10230K, committed 10280K, reserved 1048576K
Event: 14.607 GC heap after
Heap after GC invocations=19 (full 3):
 PSYoungGen      total 281600K, used 12428K [0x00000000e0000000, 0x00000000f3800000, 0x0000000100000000)
  eden space 243712K, 0% used [0x00000000e0000000,0x00000000e0000000,0x00000000eee00000)
  from space 37888K, 32% used [0x00000000f1300000,0x00000000f1f23058,0x00000000f3800000)
  to   space 37888K, 0% used [0x00000000eee00000,0x00000000eee00000,0x00000000f1300000)
 ParOldGen       total 135680K, used 95171K [0x00000000a0000000, 0x00000000a8480000, 0x00000000e0000000)
  object space 135680K, 70% used [0x00000000a0000000,0x00000000a5cf0f08,0x00000000a8480000)
 Metaspace       used 70803K, capacity 73823K, committed 74008K, reserved 1114112K
  class space    used 9612K, capacity 10230K, committed 10280K, reserved 1048576K
}
Event: 15.449 GC heap before
{Heap before GC invocations=20 (full 3):
 PSYoungGen      total 281600K, used 256140K [0x00000000e0000000, 0x00000000f3800000, 0x0000000100000000)
  eden space 243712K, 100% used [0x00000000e0000000,0x00000000eee00000,0x00000000eee00000)
  from space 37888K, 32% used [0x00000000f1300000,0x00000000f1f23058,0x00000000f3800000)
  to   space 37888K, 0% used [0x00000000eee00000,0x00000000eee00000,0x00000000f1300000)
 ParOldGen       total 135680K, used 95171K [0x00000000a0000000, 0x00000000a8480000, 0x00000000e0000000)
  object space 135680K, 70% used [0x00000000a0000000,0x00000000a5cf0f08,0x00000000a8480000)
 Metaspace       used 71324K, capacity 74365K, committed 74520K, reserved 1114112K
  class space    used 9629K, capacity 10241K, committed 10280K, reserved 1048576K
Event: 15.479 GC heap after
Heap after GC invocations=20 (full 3):
 PSYoungGen      total 281600K, used 19364K [0x00000000e0000000, 0x00000000f5f80000, 0x0000000100000000)
  eden space 243712K, 0% used [0x00000000e0000000,0x00000000e0000000,0x00000000eee00000)
  from space 37888K, 51% used [0x00000000eee00000,0x00000000f00e9330,0x00000000f1300000)
  to   space 36864K, 0% used [0x00000000f3b80000,0x00000000f3b80000,0x00000000f5f80000)
 ParOldGen       total 135680K, used 95179K [0x00000000a0000000, 0x00000000a8480000, 0x00000000e0000000)
  object space 135680K, 70% used [0x00000000a0000000,0x00000000a5cf2f08,0x00000000a8480000)
 Metaspace       used 71324K, capacity 74365K, committed 74520K, reserved 1114112K
  class space    used 9629K, capacity 10241K, committed 10280K, reserved 1048576K
}

