# JRE version: OpenJDK Runtime Environment (8.0_202-b03) (build 1.8.0_202-release-1483-b03)
# Java VM: OpenJDK 64-Bit Server VM (25.202-b03 mixed mode windows-amd64 compressed oops)
Heap:
 PSYoungGen      total 260096K, used 57068K [0x00000000e0000000, 0x00000000f3700000, 0x0000000100000000)
  eden space 209920K, 13% used [0x00000000e0000000,0x00000000e1b50e10,0x00000000ecd00000)
  from space 50176K, 57% used [0x00000000efe00000,0x00000000f1a6a408,0x00000000f2f00000)
  to   space 50176K, 0% used [0x00000000ecd00000,0x00000000ecd00000,0x00000000efe00000)
 ParOldGen       total 123904K, used 71087K [0x00000000a0000000, 0x00000000a7900000, 0x00000000e0000000)
  object space 123904K, 57% used [0x00000000a0000000,0x00000000a456bd70,0x00000000a7900000)
 Metaspace       used 97384K, capacity 101462K, committed 101848K, reserved 1138688K
  class space    used 12361K, capacity 13191K, committed 13312K, reserved 1048576K
GC Heap History (10 events):
Event: 3400.054 GC heap before
{Heap before GC invocations=24 (full 3):
 PSYoungGen      total 215040K, used 215012K [0x00000000e0000000, 0x00000000f1300000, 0x0000000100000000)
  eden space 182272K, 100% used [0x00000000e0000000,0x00000000eb200000,0x00000000eb200000)
  from space 32768K, 99% used [0x00000000eed00000,0x00000000f0cf9280,0x00000000f0d00000)
  to   space 49664K, 0% used [0x00000000eb200000,0x00000000eb200000,0x00000000ee280000)
 ParOldGen       total 123904K, used 92677K [0x00000000a0000000, 0x00000000a7900000, 0x00000000e0000000)
  object space 123904K, 74% used [0x00000000a0000000,0x00000000a5a817d0,0x00000000a7900000)
 Metaspace       used 89177K, capacity 93094K, committed 93272K, reserved 1130496K
  class space    used 11304K, capacity 12120K, committed 12160K, reserved 1048576K
Event: 3400.098 GC heap after
Heap after GC invocations=24 (full 3):
 PSYoungGen      total 207872K, used 31278K [0x00000000e0000000, 0x00000000f1000000, 0x0000000100000000)
  eden space 176128K, 0% used [0x00000000e0000000,0x00000000e0000000,0x00000000eac00000)
  from space 31744K, 98% used [0x00000000eb200000,0x00000000ed08bbe0,0x00000000ed100000)
  to   space 51200K, 0% used [0x00000000ede00000,0x00000000ede00000,0x00000000f1000000)
 ParOldGen       total 123904K, used 109316K [0x00000000a0000000, 0x00000000a7900000, 0x00000000e0000000)
  object space 123904K, 88% used [0x00000000a0000000,0x00000000a6ac11c0,0x00000000a7900000)
 Metaspace       used 89177K, capacity 93094K, committed 93272K, reserved 1130496K
  class space    used 11304K, capacity 12120K, committed 12160K, reserved 1048576K
}
Event: 3400.098 GC heap before
{Heap before GC invocations=25 (full 4):
 PSYoungGen      total 207872K, used 31278K [0x00000000e0000000, 0x00000000f1000000, 0x0000000100000000)
  eden space 176128K, 0% used [0x00000000e0000000,0x00000000e0000000,0x00000000eac00000)
  from space 31744K, 98% used [0x00000000eb200000,0x00000000ed08bbe0,0x00000000ed100000)
  to   space 51200K, 0% used [0x00000000ede00000,0x00000000ede00000,0x00000000f1000000)
 ParOldGen       total 123904K, used 109316K [0x00000000a0000000, 0x00000000a7900000, 0x00000000e0000000)
  object space 123904K, 88% used [0x00000000a0000000,0x00000000a6ac11c0,0x00000000a7900000)
 Metaspace       used 89177K, capacity 93094K, committed 93272K, reserved 1130496K
  class space    used 11304K, capacity 12120K, committed 12160K, reserved 1048576K
Event: 3400.472 GC heap after
Heap after GC invocations=25 (full 4):
 PSYoungGen      total 207872K, used 0K [0x00000000e0000000, 0x00000000f1000000, 0x0000000100000000)
  eden space 176128K, 0% used [0x00000000e0000000,0x00000000e0000000,0x00000000eac00000)
  from space 31744K, 0% used [0x00000000eb200000,0x00000000eb200000,0x00000000ed100000)
  to   space 51200K, 0% used [0x00000000ede00000,0x00000000ede00000,0x00000000f1000000)
 ParOldGen       total 123904K, used 71071K [0x00000000a0000000, 0x00000000a7900000, 0x00000000e0000000)
  object space 123904K, 57% used [0x00000000a0000000,0x00000000a4567d70,0x00000000a7900000)
 Metaspace       used 88527K, capacity 91558K, committed 93272K, reserved 1130496K
  class space    used 11142K, capacity 11827K, committed 12160K, reserved 1048576K
}
Event: 3401.634 GC heap before
{Heap before GC invocations=26 (full 4):
 PSYoungGen      total 207872K, used 176128K [0x00000000e0000000, 0x00000000f1000000, 0x0000000100000000)
  eden space 176128K, 100% used [0x00000000e0000000,0x00000000eac00000,0x00000000eac00000)
  from space 31744K, 0% used [0x00000000eb200000,0x00000000eb200000,0x00000000ed100000)
  to   space 51200K, 0% used [0x00000000ede00000,0x00000000ede00000,0x00000000f1000000)
 ParOldGen       total 123904K, used 71071K [0x00000000a0000000, 0x00000000a7900000, 0x00000000e0000000)
  object space 123904K, 57% used [0x00000000a0000000,0x00000000a4567d70,0x00000000a7900000)
 Metaspace       used 95279K, capacity 99026K, committed 99416K, reserved 1136640K
  class space    used 12177K, capacity 12955K, committed 13184K, reserved 1048576K
Event: 3401.654 GC heap after
Heap after GC invocations=26 (full 4):
 PSYoungGen      total 229376K, used 15859K [0x00000000e0000000, 0x00000000f2780000, 0x0000000100000000)
  eden space 178176K, 0% used [0x00000000e0000000,0x00000000e0000000,0x00000000eae00000)
  from space 51200K, 30% used [0x00000000ede00000,0x00000000eed7cd18,0x00000000f1000000)
  to   space 49152K, 0% used [0x00000000eae00000,0x00000000eae00000,0x00000000ede00000)
 ParOldGen       total 123904K, used 71079K [0x00000000a0000000, 0x00000000a7900000, 0x00000000e0000000)
  object space 123904K, 57% used [0x00000000a0000000,0x00000000a4569d70,0x00000000a7900000)
 Metaspace       used 95279K, capacity 99026K, committed 99416K, reserved 1136640K
  class space    used 12177K, capacity 12955K, committed 13184K, reserved 1048576K
}
Event: 3402.708 GC heap before
{Heap before GC invocations=27 (full 4):
 PSYoungGen      total 229376K, used 194035K [0x00000000e0000000, 0x00000000f2780000, 0x0000000100000000)
  eden space 178176K, 100% used [0x00000000e0000000,0x00000000eae00000,0x00000000eae00000)
  from space 51200K, 30% used [0x00000000ede00000,0x00000000eed7cd18,0x00000000f1000000)
  to   space 49152K, 0% used [0x00000000eae00000,0x00000000eae00000,0x00000000ede00000)
 ParOldGen       total 123904K, used 71079K [0x00000000a0000000, 0x00000000a7900000, 0x00000000e0000000)
  object space 123904K, 57% used [0x00000000a0000000,0x00000000a4569d70,0x00000000a7900000)
 Metaspace       used 96501K, capacity 100368K, committed 100824K, reserved 1136640K
  class space    used 12273K, capacity 13072K, committed 13312K, reserved 1048576K
Event: 3402.728 GC heap after
Heap after GC invocations=27 (full 4):
 PSYoungGen      total 227328K, used 30471K [0x00000000e0000000, 0x00000000f2f00000, 0x0000000100000000)
  eden space 178176K, 0% used [0x00000000e0000000,0x00000000e0000000,0x00000000eae00000)
  from space 49152K, 61% used [0x00000000eae00000,0x00000000ecbc1c98,0x00000000ede00000)
  to   space 50176K, 0% used [0x00000000efe00000,0x00000000efe00000,0x00000000f2f00000)
 ParOldGen       total 123904K, used 71087K [0x00000000a0000000, 0x00000000a7900000, 0x00000000e0000000)
  object space 123904K, 57% used [0x00000000a0000000,0x00000000a456bd70,0x00000000a7900000)
 Metaspace       used 96501K, capacity 100368K, committed 100824K, reserved 1136640K
  class space    used 12273K, capacity 13072K, committed 13312K, reserved 1048576K
}
Event: 3403.374 GC heap before
{Heap before GC invocations=28 (full 4):
 PSYoungGen      total 227328K, used 208647K [0x00000000e0000000, 0x00000000f2f00000, 0x0000000100000000)
  eden space 178176K, 100% used [0x00000000e0000000,0x00000000eae00000,0x00000000eae00000)
  from space 49152K, 61% used [0x00000000eae00000,0x00000000ecbc1c98,0x00000000ede00000)
  to   space 50176K, 0% used [0x00000000efe00000,0x00000000efe00000,0x00000000f2f00000)
 ParOldGen       total 123904K, used 71087K [0x00000000a0000000, 0x00000000a7900000, 0x00000000e0000000)
  object space 123904K, 57% used [0x00000000a0000000,0x00000000a456bd70,0x00000000a7900000)
 Metaspace       used 97259K, capacity 101320K, committed 101592K, reserved 1138688K
  class space    used 12359K, capacity 13188K, committed 13312K, reserved 1048576K
Event: 3403.404 GC heap after
Heap after GC invocations=28 (full 4):
 PSYoungGen      total 260096K, used 29097K [0x00000000e0000000, 0x00000000f3700000, 0x0000000100000000)
  eden space 209920K, 0% used [0x00000000e0000000,0x00000000e0000000,0x00000000ecd00000)
  from space 50176K, 57% used [0x00000000efe00000,0x00000000f1a6a408,0x00000000f2f00000)
  to   space 50176K, 0% used [0x00000000ecd00000,0x00000000ecd00000,0x00000000efe00000)
 ParOldGen       total 123904K, used 71087K [0x00000000a0000000, 0x00000000a7900000, 0x00000000e0000000)
  object space 123904K, 57% used [0x00000000a0000000,0x00000000a456bd70,0x00000000a7900000)
 Metaspace       used 97259K, capacity 101320K, committed 101592K, reserved 1138688K
  class space    used 12359K, capacity 13188K, committed 13312K, reserved 1048576K
}

